<?xml version="1.0" encoding="UTF-8"?>
<coverage generated="1645644015463" clover="3.2.0">
  <project timestamp="1645644015463" name="All files">
    <metrics statements="373" coveredstatements="148" conditionals="106" coveredconditionals="29" methods="100" coveredmethods="18" elements="579" coveredelements="195" complexity="0" loc="373" ncloc="373" packages="5" files="25" classes="25"/>
    <package name="components">
      <metrics statements="115" coveredstatements="53" conditionals="40" coveredconditionals="21" methods="47" coveredmethods="12"/>
      <file name="App.jsx" path="/Users/gchen/Desktop/Hackreactor/FEC/client/src/components/App.jsx">
        <metrics statements="36" coveredstatements="20" conditionals="7" coveredconditionals="3" methods="19" coveredmethods="6"/>
        <line num="9" count="2" type="stmt"/>
        <line num="11" count="2" type="stmt"/>
        <line num="12" count="1" type="stmt"/>
        <line num="13" count="1" type="stmt"/>
        <line num="14" count="1" type="stmt"/>
        <line num="15" count="1" type="stmt"/>
        <line num="16" count="1" type="stmt"/>
        <line num="18" count="1" type="stmt"/>
        <line num="19" count="0" type="stmt"/>
        <line num="21" count="0" type="stmt"/>
        <line num="22" count="0" type="stmt"/>
        <line num="23" count="0" type="cond" truecount="0" falsecount="2"/>
        <line num="24" count="0" type="stmt"/>
        <line num="33" count="1" type="stmt"/>
        <line num="34" count="0" type="stmt"/>
        <line num="35" count="0" type="stmt"/>
        <line num="38" count="1" type="stmt"/>
        <line num="39" count="1" type="stmt"/>
        <line num="41" count="0" type="stmt"/>
        <line num="42" count="0" type="stmt"/>
        <line num="45" count="0" type="stmt"/>
        <line num="49" count="1" type="stmt"/>
        <line num="50" count="1" type="stmt"/>
        <line num="55" count="0" type="stmt"/>
        <line num="56" count="0" type="stmt"/>
        <line num="63" count="1" type="stmt"/>
        <line num="64" count="1" type="stmt"/>
        <line num="69" count="0" type="stmt"/>
        <line num="70" count="0" type="stmt"/>
        <line num="76" count="1" type="stmt"/>
        <line num="77" count="1" type="stmt"/>
        <line num="79" count="0" type="stmt"/>
        <line num="80" count="0" type="stmt"/>
        <line num="87" count="1" type="stmt"/>
        <line num="88" count="1" type="stmt"/>
        <line num="93" count="1" type="stmt"/>
      </file>
      <file name="Feedback.jsx" path="/Users/gchen/Desktop/Hackreactor/FEC/client/src/components/Feedback.jsx">
        <metrics statements="24" coveredstatements="1" conditionals="6" coveredconditionals="0" methods="11" coveredmethods="0"/>
        <line num="6" count="2" type="stmt"/>
        <line num="7" count="0" type="stmt"/>
        <line num="8" count="0" type="stmt"/>
        <line num="9" count="0" type="stmt"/>
        <line num="10" count="0" type="stmt"/>
        <line num="12" count="0" type="cond" truecount="0" falsecount="2"/>
        <line num="13" count="0" type="stmt"/>
        <line num="17" count="0" type="stmt"/>
        <line num="18" count="0" type="stmt"/>
        <line num="27" count="0" type="stmt"/>
        <line num="30" count="0" type="stmt"/>
        <line num="35" count="0" type="stmt"/>
        <line num="36" count="0" type="stmt"/>
        <line num="37" count="0" type="stmt"/>
        <line num="40" count="0" type="stmt"/>
        <line num="41" count="0" type="stmt"/>
        <line num="44" count="0" type="stmt"/>
        <line num="49" count="0" type="stmt"/>
        <line num="50" count="0" type="stmt"/>
        <line num="53" count="0" type="stmt"/>
        <line num="56" count="0" type="stmt"/>
        <line num="60" count="0" type="stmt"/>
        <line num="61" count="0" type="stmt"/>
        <line num="65" count="0" type="stmt"/>
      </file>
      <file name="Overview.jsx" path="/Users/gchen/Desktop/Hackreactor/FEC/client/src/components/Overview.jsx">
        <metrics statements="14" coveredstatements="2" conditionals="5" coveredconditionals="0" methods="6" coveredmethods="0"/>
        <line num="13" count="2" type="stmt"/>
        <line num="15" count="2" type="stmt"/>
        <line num="16" count="0" type="stmt"/>
        <line num="17" count="0" type="stmt"/>
        <line num="19" count="0" type="stmt"/>
        <line num="20" count="0" type="stmt"/>
        <line num="21" count="0" type="stmt"/>
        <line num="22" count="0" type="cond" truecount="0" falsecount="2"/>
        <line num="23" count="0" type="stmt"/>
        <line num="28" count="0" type="stmt"/>
        <line num="29" count="0" type="stmt"/>
        <line num="32" count="0" type="stmt"/>
        <line num="47" count="0" type="stmt"/>
        <line num="48" count="0" type="stmt"/>
      </file>
      <file name="QuestionAnswer.jsx" path="/Users/gchen/Desktop/Hackreactor/FEC/client/src/components/QuestionAnswer.jsx">
        <metrics statements="4" coveredstatements="4" conditionals="2" coveredconditionals="2" methods="2" coveredmethods="2"/>
        <line num="4" count="2" type="stmt"/>
        <line num="5" count="1" type="stmt"/>
        <line num="7" count="1" type="stmt"/>
        <line num="13" count="1" type="stmt"/>
      </file>
      <file name="RatingReview.jsx" path="/Users/gchen/Desktop/Hackreactor/FEC/client/src/components/RatingReview.jsx">
        <metrics statements="30" coveredstatements="23" conditionals="20" coveredconditionals="16" methods="6" coveredmethods="3"/>
        <line num="10" count="2" type="stmt"/>
        <line num="11" count="3" type="stmt"/>
        <line num="12" count="3" type="stmt"/>
        <line num="13" count="3" type="stmt"/>
        <line num="14" count="3" type="stmt"/>
        <line num="15" count="3" type="stmt"/>
        <line num="16" count="3" type="stmt"/>
        <line num="17" count="3" type="stmt"/>
        <line num="18" count="3" type="stmt"/>
        <line num="19" count="3" type="stmt"/>
        <line num="20" count="3" type="stmt"/>
        <line num="21" count="3" type="stmt"/>
        <line num="22" count="3" type="stmt"/>
        <line num="25" count="3" type="stmt"/>
        <line num="26" count="0" type="stmt"/>
        <line num="27" count="0" type="stmt"/>
        <line num="31" count="3" type="stmt"/>
        <line num="33" count="3" type="cond" truecount="1" falsecount="1"/>
        <line num="34" count="3" type="stmt"/>
        <line num="38" count="3" type="stmt"/>
        <line num="39" count="0" type="stmt"/>
        <line num="40" count="0" type="stmt"/>
        <line num="44" count="3" type="stmt"/>
        <line num="45" count="0" type="stmt"/>
        <line num="48" count="3" type="cond" truecount="1" falsecount="1"/>
        <line num="49" count="0" type="stmt"/>
        <line num="60" count="0" type="stmt"/>
        <line num="63" count="3" type="stmt"/>
        <line num="78" count="9" type="stmt"/>
        <line num="106" count="3" type="stmt"/>
      </file>
      <file name="SearchProd.jsx" path="/Users/gchen/Desktop/Hackreactor/FEC/client/src/components/SearchProd.jsx">
        <metrics statements="7" coveredstatements="3" conditionals="0" coveredconditionals="0" methods="3" coveredmethods="1"/>
        <line num="4" count="2" type="stmt"/>
        <line num="5" count="1" type="stmt"/>
        <line num="11" count="1" type="stmt"/>
        <line num="13" count="0" type="stmt"/>
        <line num="14" count="0" type="stmt"/>
        <line num="15" count="0" type="stmt"/>
        <line num="21" count="0" type="stmt"/>
      </file>
    </package>
    <package name="components.Overview">
      <metrics statements="99" coveredstatements="7" conditionals="46" coveredconditionals="0" methods="28" coveredmethods="0"/>
      <file name="AddtoCart.jsx" path="/Users/gchen/Desktop/Hackreactor/FEC/client/src/components/Overview/AddtoCart.jsx">
        <metrics statements="3" coveredstatements="1" conditionals="0" coveredconditionals="0" methods="2" coveredmethods="0"/>
        <line num="4" count="2" type="stmt"/>
        <line num="5" count="0" type="stmt"/>
        <line num="6" count="0" type="stmt"/>
      </file>
      <file name="Descript.jsx" path="/Users/gchen/Desktop/Hackreactor/FEC/client/src/components/Overview/Descript.jsx">
        <metrics statements="20" coveredstatements="1" conditionals="10" coveredconditionals="0" methods="2" coveredmethods="0"/>
        <line num="4" count="2" type="stmt"/>
        <line num="5" count="0" type="stmt"/>
        <line num="8" count="0" type="stmt"/>
        <line num="10" count="0" type="cond" truecount="0" falsecount="2"/>
        <line num="11" count="0" type="stmt"/>
        <line num="12" count="0" type="stmt"/>
        <line num="13" count="0" type="stmt"/>
        <line num="16" count="0" type="stmt"/>
        <line num="17" count="0" type="stmt"/>
        <line num="18" count="0" type="stmt"/>
        <line num="19" count="0" type="cond" truecount="0" falsecount="2"/>
        <line num="20" count="0" type="stmt"/>
        <line num="21" count="0" type="stmt"/>
        <line num="22" count="0" type="stmt"/>
        <line num="23" count="0" type="cond" truecount="0" falsecount="4"/>
        <line num="24" count="0" type="stmt"/>
        <line num="25" count="0" type="stmt"/>
        <line num="26" count="0" type="stmt"/>
        <line num="31" count="0" type="stmt"/>
        <line num="38" count="0" type="stmt"/>
      </file>
      <file name="Favoritable.jsx" path="/Users/gchen/Desktop/Hackreactor/FEC/client/src/components/Overview/Favoritable.jsx">
        <metrics statements="2" coveredstatements="1" conditionals="0" coveredconditionals="0" methods="1" coveredmethods="0"/>
        <line num="3" count="2" type="stmt"/>
        <line num="4" count="0" type="stmt"/>
      </file>
      <file name="ImageCarousel.jsx" path="/Users/gchen/Desktop/Hackreactor/FEC/client/src/components/Overview/ImageCarousel.jsx">
        <metrics statements="26" coveredstatements="1" conditionals="12" coveredconditionals="0" methods="10" coveredmethods="0"/>
        <line num="6" count="2" type="stmt"/>
        <line num="8" count="0" type="stmt"/>
        <line num="9" count="0" type="stmt"/>
        <line num="11" count="0" type="stmt"/>
        <line num="12" count="0" type="stmt"/>
        <line num="15" count="0" type="stmt"/>
        <line num="16" count="0" type="cond" truecount="0" falsecount="2"/>
        <line num="17" count="0" type="stmt"/>
        <line num="18" count="0" type="cond" truecount="0" falsecount="2"/>
        <line num="19" count="0" type="stmt"/>
        <line num="20" count="0" type="cond" truecount="0" falsecount="2"/>
        <line num="21" count="0" type="stmt"/>
        <line num="23" count="0" type="stmt"/>
        <line num="27" count="0" type="stmt"/>
        <line num="28" count="0" type="stmt"/>
        <line num="29" count="0" type="cond" truecount="0" falsecount="2"/>
        <line num="30" count="0" type="stmt"/>
        <line num="35" count="0" type="stmt"/>
        <line num="36" count="0" type="cond" truecount="0" falsecount="2"/>
        <line num="37" count="0" type="stmt"/>
        <line num="43" count="0" type="stmt"/>
        <line num="45" count="0" type="stmt"/>
        <line num="46" count="0" type="stmt"/>
        <line num="51" count="0" type="stmt"/>
        <line num="58" count="0" type="stmt"/>
        <line num="65" count="0" type="stmt"/>
      </file>
      <file name="Price.jsx" path="/Users/gchen/Desktop/Hackreactor/FEC/client/src/components/Overview/Price.jsx">
        <metrics statements="6" coveredstatements="1" conditionals="6" coveredconditionals="0" methods="1" coveredmethods="0"/>
        <line num="5" count="2" type="stmt"/>
        <line num="6" count="0" type="stmt"/>
        <line num="7" count="0" type="stmt"/>
        <line num="9" count="0" type="cond" truecount="0" falsecount="2"/>
        <line num="10" count="0" type="stmt"/>
        <line num="13" count="0" type="stmt"/>
      </file>
      <file name="SizeQtyDD.jsx" path="/Users/gchen/Desktop/Hackreactor/FEC/client/src/components/Overview/SizeQtyDD.jsx">
        <metrics statements="36" coveredstatements="1" conditionals="14" coveredconditionals="0" methods="9" coveredmethods="0"/>
        <line num="6" count="2" type="stmt"/>
        <line num="7" count="0" type="stmt"/>
        <line num="8" count="0" type="stmt"/>
        <line num="10" count="0" type="stmt"/>
        <line num="11" count="0" type="stmt"/>
        <line num="12" count="0" type="stmt"/>
        <line num="14" count="0" type="stmt"/>
        <line num="16" count="0" type="stmt"/>
        <line num="17" count="0" type="cond" truecount="0" falsecount="2"/>
        <line num="18" count="0" type="stmt"/>
        <line num="19" count="0" type="stmt"/>
        <line num="20" count="0" type="stmt"/>
        <line num="21" count="0" type="stmt"/>
        <line num="22" count="0" type="cond" truecount="0" falsecount="2"/>
        <line num="23" count="0" type="stmt"/>
        <line num="26" count="0" type="cond" truecount="0" falsecount="2"/>
        <line num="27" count="0" type="stmt"/>
        <line num="29" count="0" type="stmt"/>
        <line num="30" count="0" type="stmt"/>
        <line num="31" count="0" type="stmt"/>
        <line num="32" count="0" type="stmt"/>
        <line num="35" count="0" type="stmt"/>
        <line num="38" count="0" type="stmt"/>
        <line num="39" count="0" type="cond" truecount="0" falsecount="2"/>
        <line num="40" count="0" type="stmt"/>
        <line num="41" count="0" type="stmt"/>
        <line num="42" count="0" type="stmt"/>
        <line num="43" count="0" type="cond" truecount="0" falsecount="2"/>
        <line num="44" count="0" type="stmt"/>
        <line num="49" count="0" type="stmt"/>
        <line num="50" count="0" type="stmt"/>
        <line num="53" count="0" type="stmt"/>
        <line num="60" count="0" type="stmt"/>
        <line num="62" count="0" type="stmt"/>
        <line num="70" count="0" type="stmt"/>
        <line num="73" count="0" type="stmt"/>
      </file>
      <file name="Styles.jsx" path="/Users/gchen/Desktop/Hackreactor/FEC/client/src/components/Overview/Styles.jsx">
        <metrics statements="6" coveredstatements="1" conditionals="4" coveredconditionals="0" methods="3" coveredmethods="0"/>
        <line num="6" count="2" type="stmt"/>
        <line num="7" count="0" type="stmt"/>
        <line num="8" count="0" type="stmt"/>
        <line num="10" count="0" type="stmt"/>
        <line num="20" count="0" type="stmt"/>
        <line num="24" count="0" type="stmt"/>
      </file>
    </package>
    <package name="components.QuestionAnswer">
      <metrics statements="22" coveredstatements="17" conditionals="2" coveredconditionals="1" methods="7" coveredmethods="3"/>
      <file name="AnswerListItem.jsx" path="/Users/gchen/Desktop/Hackreactor/FEC/client/src/components/QuestionAnswer/AnswerListItem.jsx">
        <metrics statements="2" coveredstatements="1" conditionals="0" coveredconditionals="0" methods="1" coveredmethods="0"/>
        <line num="4" count="2" type="stmt"/>
        <line num="6" count="0" type="stmt"/>
      </file>
      <file name="QuestionListItem.jsx" path="/Users/gchen/Desktop/Hackreactor/FEC/client/src/components/QuestionAnswer/QuestionListItem.jsx">
        <metrics statements="20" coveredstatements="16" conditionals="2" coveredconditionals="1" methods="6" coveredmethods="3"/>
        <line num="6" count="2" type="stmt"/>
        <line num="7" count="1" type="stmt"/>
        <line num="8" count="1" type="stmt"/>
        <line num="11" count="1" type="stmt"/>
        <line num="12" count="1" type="stmt"/>
        <line num="13" count="1" type="stmt"/>
        <line num="14" count="1" type="stmt"/>
        <line num="15" count="1" type="stmt"/>
        <line num="16" count="1" type="stmt"/>
        <line num="18" count="1" type="stmt"/>
        <line num="19" count="1" type="stmt"/>
        <line num="21" count="1" type="stmt"/>
        <line num="22" count="1" type="stmt"/>
        <line num="27" count="0" type="stmt"/>
        <line num="28" count="0" type="stmt"/>
        <line num="31" count="0" type="stmt"/>
        <line num="35" count="1" type="stmt"/>
        <line num="36" count="1" type="stmt"/>
        <line num="38" count="1" type="stmt"/>
        <line num="46" count="0" type="stmt"/>
      </file>
    </package>
    <package name="components.RatingReview">
      <metrics statements="107" coveredstatements="41" conditionals="18" coveredconditionals="7" methods="18" coveredmethods="3"/>
      <file name="Modal.jsx" path="/Users/gchen/Desktop/Hackreactor/FEC/client/src/components/RatingReview/Modal.jsx">
        <metrics statements="39" coveredstatements="19" conditionals="10" coveredconditionals="4" methods="11" coveredmethods="2"/>
        <line num="6" count="2" type="stmt"/>
        <line num="7" count="3" type="stmt"/>
        <line num="8" count="3" type="stmt"/>
        <line num="9" count="3" type="stmt"/>
        <line num="10" count="3" type="stmt"/>
        <line num="11" count="3" type="stmt"/>
        <line num="12" count="3" type="stmt"/>
        <line num="14" count="3" type="stmt"/>
        <line num="15" count="3" type="stmt"/>
        <line num="17" count="3" type="stmt"/>
        <line num="18" count="0" type="stmt"/>
        <line num="19" count="0" type="stmt"/>
        <line num="20" count="0" type="stmt"/>
        <line num="23" count="3" type="stmt"/>
        <line num="24" count="0" type="stmt"/>
        <line num="25" count="0" type="stmt"/>
        <line num="28" count="3" type="stmt"/>
        <line num="29" count="0" type="stmt"/>
        <line num="30" count="0" type="stmt"/>
        <line num="33" count="3" type="stmt"/>
        <line num="34" count="0" type="stmt"/>
        <line num="39" count="3" type="stmt"/>
        <line num="40" count="0" type="stmt"/>
        <line num="41" count="0" type="stmt"/>
        <line num="44" count="3" type="stmt"/>
        <line num="45" count="0" type="stmt"/>
        <line num="46" count="0" type="stmt"/>
        <line num="49" count="3" type="stmt"/>
        <line num="50" count="0" type="stmt"/>
        <line num="53" count="0" type="cond" truecount="0" falsecount="4"/>
        <line num="54" count="0" type="stmt"/>
        <line num="56" count="0" type="stmt"/>
        <line num="59" count="0" type="stmt"/>
        <line num="60" count="0" type="stmt"/>
        <line num="64" count="3" type="stmt"/>
        <line num="75" count="15" type="stmt"/>
        <line num="77" count="15" type="stmt"/>
        <line num="85" count="0" type="stmt"/>
        <line num="86" count="0" type="stmt"/>
      </file>
      <file name="ProgressBar.jsx" path="/Users/gchen/Desktop/Hackreactor/FEC/client/src/components/RatingReview/ProgressBar.jsx">
        <metrics statements="29" coveredstatements="1" conditionals="2" coveredconditionals="0" methods="1" coveredmethods="0"/>
        <line num="7" count="2" type="stmt"/>
        <line num="10" count="0" type="stmt"/>
        <line num="11" count="0" type="stmt"/>
        <line num="12" count="0" type="stmt"/>
        <line num="14" count="0" type="stmt"/>
        <line num="17" count="0" type="stmt"/>
        <line num="20" count="0" type="stmt"/>
        <line num="21" count="0" type="stmt"/>
        <line num="22" count="0" type="stmt"/>
        <line num="23" count="0" type="stmt"/>
        <line num="24" count="0" type="stmt"/>
        <line num="27" count="0" type="stmt"/>
        <line num="29" count="0" type="stmt"/>
        <line num="37" count="0" type="stmt"/>
        <line num="38" count="0" type="stmt"/>
        <line num="39" count="0" type="stmt"/>
        <line num="40" count="0" type="cond" truecount="0" falsecount="2"/>
        <line num="41" count="0" type="stmt"/>
        <line num="46" count="0" type="stmt"/>
        <line num="47" count="0" type="stmt"/>
        <line num="48" count="0" type="stmt"/>
        <line num="49" count="0" type="stmt"/>
        <line num="50" count="0" type="stmt"/>
        <line num="51" count="0" type="stmt"/>
        <line num="52" count="0" type="stmt"/>
        <line num="53" count="0" type="stmt"/>
        <line num="54" count="0" type="stmt"/>
        <line num="55" count="0" type="stmt"/>
        <line num="63" count="0" type="stmt"/>
      </file>
      <file name="RatingBreakdown.jsx" path="/Users/gchen/Desktop/Hackreactor/FEC/client/src/components/RatingReview/RatingBreakdown.jsx">
        <metrics statements="5" coveredstatements="1" conditionals="0" coveredconditionals="0" methods="1" coveredmethods="0"/>
        <line num="8" count="2" type="stmt"/>
        <line num="10" count="0" type="stmt"/>
        <line num="11" count="0" type="stmt"/>
        <line num="12" count="0" type="stmt"/>
        <line num="14" count="0" type="stmt"/>
      </file>
      <file name="ReviewListItem.jsx" path="/Users/gchen/Desktop/Hackreactor/FEC/client/src/components/RatingReview/ReviewListItem.jsx">
        <metrics statements="23" coveredstatements="19" conditionals="6" coveredconditionals="3" methods="4" coveredmethods="1"/>
        <line num="6" count="2" type="stmt"/>
        <line num="7" count="7" type="stmt"/>
        <line num="10" count="7" type="stmt"/>
        <line num="11" count="7" type="stmt"/>
        <line num="12" count="7" type="stmt"/>
        <line num="13" count="7" type="stmt"/>
        <line num="14" count="7" type="stmt"/>
        <line num="15" count="7" type="stmt"/>
        <line num="17" count="7" type="stmt"/>
        <line num="18" count="7" type="stmt"/>
        <line num="21" count="7" type="stmt"/>
        <line num="22" count="7" type="stmt"/>
        <line num="23" count="7" type="stmt"/>
        <line num="26" count="7" type="stmt"/>
        <line num="27" count="7" type="stmt"/>
        <line num="28" count="7" type="stmt"/>
        <line num="29" count="35" type="stmt"/>
        <line num="33" count="7" type="stmt"/>
        <line num="34" count="0" type="stmt"/>
        <line num="36" count="0" type="stmt"/>
        <line num="38" count="0" type="stmt"/>
        <line num="41" count="0" type="stmt"/>
        <line num="45" count="7" type="stmt"/>
      </file>
      <file name="StarAverage.jsx" path="/Users/gchen/Desktop/Hackreactor/FEC/client/src/components/RatingReview/StarAverage.jsx">
        <metrics statements="11" coveredstatements="1" conditionals="0" coveredconditionals="0" methods="1" coveredmethods="0"/>
        <line num="3" count="2" type="stmt"/>
        <line num="4" count="0" type="stmt"/>
        <line num="5" count="0" type="stmt"/>
        <line num="7" count="0" type="stmt"/>
        <line num="8" count="0" type="stmt"/>
        <line num="9" count="0" type="stmt"/>
        <line num="10" count="0" type="stmt"/>
        <line num="11" count="0" type="stmt"/>
        <line num="14" count="0" type="stmt"/>
        <line num="15" count="0" type="stmt"/>
        <line num="16" count="0" type="stmt"/>
      </file>
    </package>
    <package name="components.Styled">
      <metrics statements="30" coveredstatements="30" conditionals="0" coveredconditionals="0" methods="0" coveredmethods="0"/>
      <file name="ProgressBarStyled.js" path="/Users/gchen/Desktop/Hackreactor/FEC/client/src/components/Styled/ProgressBarStyled.js">
        <metrics statements="9" coveredstatements="9" conditionals="0" coveredconditionals="0" methods="0" coveredmethods="0"/>
        <line num="4" count="2" type="stmt"/>
        <line num="14" count="2" type="stmt"/>
        <line num="24" count="2" type="stmt"/>
        <line num="34" count="2" type="stmt"/>
        <line num="44" count="2" type="stmt"/>
        <line num="56" count="2" type="stmt"/>
        <line num="64" count="2" type="stmt"/>
        <line num="75" count="2" type="stmt"/>
        <line num="81" count="2" type="stmt"/>
      </file>
      <file name="QuestionListStyled.js" path="/Users/gchen/Desktop/Hackreactor/FEC/client/src/components/Styled/QuestionListStyled.js">
        <metrics statements="6" coveredstatements="6" conditionals="0" coveredconditionals="0" methods="0" coveredmethods="0"/>
        <line num="3" count="2" type="stmt"/>
        <line num="11" count="2" type="stmt"/>
        <line num="20" count="2" type="stmt"/>
        <line num="28" count="2" type="stmt"/>
        <line num="36" count="2" type="stmt"/>
        <line num="44" count="2" type="stmt"/>
      </file>
      <file name="RatingReviewStyled.js" path="/Users/gchen/Desktop/Hackreactor/FEC/client/src/components/Styled/RatingReviewStyled.js">
        <metrics statements="3" coveredstatements="3" conditionals="0" coveredconditionals="0" methods="0" coveredmethods="0"/>
        <line num="3" count="2" type="stmt"/>
        <line num="17" count="2" type="stmt"/>
        <line num="24" count="2" type="stmt"/>
      </file>
      <file name="ReviewListStyled.js" path="/Users/gchen/Desktop/Hackreactor/FEC/client/src/components/Styled/ReviewListStyled.js">
        <metrics statements="8" coveredstatements="8" conditionals="0" coveredconditionals="0" methods="0" coveredmethods="0"/>
        <line num="13" count="2" type="stmt"/>
        <line num="26" count="2" type="stmt"/>
        <line num="35" count="2" type="stmt"/>
        <line num="48" count="2" type="stmt"/>
        <line num="55" count="2" type="stmt"/>
        <line num="63" count="2" type="stmt"/>
        <line num="71" count="2" type="stmt"/>
        <line num="77" count="2" type="stmt"/>
      </file>
      <file name="StarStyled.js" path="/Users/gchen/Desktop/Hackreactor/FEC/client/src/components/Styled/StarStyled.js">
        <metrics statements="4" coveredstatements="4" conditionals="0" coveredconditionals="0" methods="0" coveredmethods="0"/>
        <line num="3" count="2" type="stmt"/>
        <line num="18" count="2" type="stmt"/>
        <line num="24" count="2" type="stmt"/>
        <line num="28" count="2" type="stmt"/>
      </file>
    </package>
  </project>
</coverage>
