{"/home/skipdawg3000/hackreactor/repos/FEC/client/src/components/App.jsx": {"path":"/home/skipdawg3000/hackreactor/repos/FEC/client/src/components/App.jsx","statementMap":{"0":{"start":{"line":9,"column":26},"end":{"line":9,"column":41}},"1":{"start":{"line":11,"column":12},"end":{"line":117,"column":1}},"2":{"start":{"line":12,"column":38},"end":{"line":12,"column":53}},"3":{"start":{"line":13,"column":46},"end":{"line":13,"column":60}},"4":{"start":{"line":14,"column":44},"end":{"line":14,"column":58}},"5":{"start":{"line":15,"column":28},"end":{"line":15,"column":39}},"6":{"start":{"line":16,"column":40},"end":{"line":16,"column":52}},"7":{"start":{"line":18,"column":28},"end":{"line":31,"column":3}},"8":{"start":{"line":19,"column":4},"end":{"line":30,"column":6}},"9":{"start":{"line":21,"column":29},"end":{"line":21,"column":37}},"10":{"start":{"line":22,"column":6},"end":{"line":26,"column":8}},"11":{"start":{"line":23,"column":8},"end":{"line":25,"column":9}},"12":{"start":{"line":24,"column":10},"end":{"line":24,"column":37}},"13":{"start":{"line":33,"column":29},"end":{"line":36,"column":3}},"14":{"start":{"line":34,"column":19},"end":{"line":34,"column":28}},"15":{"start":{"line":35,"column":4},"end":{"line":35,"column":23}},"16":{"start":{"line":38,"column":2},"end":{"line":47,"column":9}},"17":{"start":{"line":39,"column":4},"end":{"line":46,"column":6}},"18":{"start":{"line":41,"column":25},"end":{"line":41,"column":43}},"19":{"start":{"line":42,"column":6},"end":{"line":42,"column":32}},"20":{"start":{"line":45,"column":6},"end":{"line":45,"column":48}},"21":{"start":{"line":49,"column":28},"end":{"line":61,"column":3}},"22":{"start":{"line":50,"column":4},"end":{"line":60,"column":8}},"23":{"start":{"line":55,"column":31},"end":{"line":55,"column":39}},"24":{"start":{"line":56,"column":8},"end":{"line":56,"column":42}},"25":{"start":{"line":63,"column":27},"end":{"line":74,"column":3}},"26":{"start":{"line":64,"column":4},"end":{"line":73,"column":8}},"27":{"start":{"line":69,"column":31},"end":{"line":69,"column":39}},"28":{"start":{"line":70,"column":8},"end":{"line":70,"column":40}},"29":{"start":{"line":76,"column":25},"end":{"line":85,"column":3}},"30":{"start":{"line":77,"column":4},"end":{"line":84,"column":8}},"31":{"start":{"line":79,"column":25},"end":{"line":79,"column":33}},"32":{"start":{"line":80,"column":8},"end":{"line":80,"column":33}},"33":{"start":{"line":87,"column":2},"end":{"line":91,"column":19}},"34":{"start":{"line":88,"column":4},"end":{"line":90,"column":30}},"35":{"start":{"line":93,"column":2},"end":{"line":116,"column":4}}},"fnMap":{"0":{"name":"(anonymous_0)","decl":{"start":{"line":11,"column":12},"end":{"line":11,"column":13}},"loc":{"start":{"line":11,"column":23},"end":{"line":117,"column":1}},"line":11},"1":{"name":"(anonymous_1)","decl":{"start":{"line":18,"column":28},"end":{"line":18,"column":29}},"loc":{"start":{"line":18,"column":47},"end":{"line":31,"column":3}},"line":18},"2":{"name":"(anonymous_2)","decl":{"start":{"line":20,"column":10},"end":{"line":20,"column":11}},"loc":{"start":{"line":20,"column":19},"end":{"line":27,"column":5}},"line":20},"3":{"name":"(anonymous_3)","decl":{"start":{"line":22,"column":25},"end":{"line":22,"column":26}},"loc":{"start":{"line":22,"column":39},"end":{"line":26,"column":7}},"line":22},"4":{"name":"(anonymous_4)","decl":{"start":{"line":28,"column":11},"end":{"line":28,"column":12}},"loc":{"start":{"line":28,"column":20},"end":{"line":30,"column":5}},"line":28},"5":{"name":"(anonymous_5)","decl":{"start":{"line":33,"column":29},"end":{"line":33,"column":30}},"loc":{"start":{"line":33,"column":35},"end":{"line":36,"column":3}},"line":33},"6":{"name":"(anonymous_6)","decl":{"start":{"line":38,"column":12},"end":{"line":38,"column":13}},"loc":{"start":{"line":39,"column":4},"end":{"line":46,"column":6}},"line":39},"7":{"name":"(anonymous_7)","decl":{"start":{"line":40,"column":10},"end":{"line":40,"column":11}},"loc":{"start":{"line":40,"column":19},"end":{"line":43,"column":5}},"line":40},"8":{"name":"(anonymous_8)","decl":{"start":{"line":44,"column":11},"end":{"line":44,"column":12}},"loc":{"start":{"line":44,"column":20},"end":{"line":46,"column":5}},"line":44},"9":{"name":"(anonymous_9)","decl":{"start":{"line":49,"column":28},"end":{"line":49,"column":29}},"loc":{"start":{"line":49,"column":44},"end":{"line":61,"column":3}},"line":49},"10":{"name":"(anonymous_10)","decl":{"start":{"line":54,"column":12},"end":{"line":54,"column":13}},"loc":{"start":{"line":54,"column":21},"end":{"line":57,"column":7}},"line":54},"11":{"name":"(anonymous_11)","decl":{"start":{"line":58,"column":13},"end":{"line":58,"column":14}},"loc":{"start":{"line":58,"column":22},"end":{"line":60,"column":7}},"line":58},"12":{"name":"(anonymous_12)","decl":{"start":{"line":63,"column":27},"end":{"line":63,"column":28}},"loc":{"start":{"line":63,"column":43},"end":{"line":74,"column":3}},"line":63},"13":{"name":"(anonymous_13)","decl":{"start":{"line":68,"column":12},"end":{"line":68,"column":13}},"loc":{"start":{"line":68,"column":21},"end":{"line":71,"column":7}},"line":68},"14":{"name":"(anonymous_14)","decl":{"start":{"line":72,"column":13},"end":{"line":72,"column":14}},"loc":{"start":{"line":72,"column":22},"end":{"line":73,"column":7}},"line":72},"15":{"name":"(anonymous_15)","decl":{"start":{"line":76,"column":25},"end":{"line":76,"column":26}},"loc":{"start":{"line":76,"column":41},"end":{"line":85,"column":3}},"line":76},"16":{"name":"(anonymous_16)","decl":{"start":{"line":78,"column":12},"end":{"line":78,"column":13}},"loc":{"start":{"line":78,"column":19},"end":{"line":81,"column":7}},"line":78},"17":{"name":"(anonymous_17)","decl":{"start":{"line":82,"column":13},"end":{"line":82,"column":14}},"loc":{"start":{"line":82,"column":22},"end":{"line":84,"column":7}},"line":82},"18":{"name":"(anonymous_18)","decl":{"start":{"line":87,"column":12},"end":{"line":87,"column":13}},"loc":{"start":{"line":88,"column":4},"end":{"line":90,"column":30}},"line":88}},"branchMap":{"0":{"loc":{"start":{"line":23,"column":8},"end":{"line":25,"column":9}},"type":"if","locations":[{"start":{"line":23,"column":8},"end":{"line":25,"column":9}},{"start":{},"end":{}}],"line":23},"1":{"loc":{"start":{"line":100,"column":11},"end":{"line":101,"column":21}},"type":"binary-expr","locations":[{"start":{"line":100,"column":11},"end":{"line":100,"column":24}},{"start":{"line":101,"column":10},"end":{"line":101,"column":21}}],"line":100},"2":{"loc":{"start":{"line":106,"column":11},"end":{"line":110,"column":14}},"type":"binary-expr","locations":[{"start":{"line":106,"column":11},"end":{"line":106,"column":21}},{"start":{"line":106,"column":25},"end":{"line":106,"column":36}},{"start":{"line":107,"column":12},"end":{"line":110,"column":14}}],"line":106}},"s":{"0":1,"1":1,"2":0,"3":0,"4":0,"5":0,"6":0,"7":0,"8":0,"9":0,"10":0,"11":0,"12":0,"13":0,"14":0,"15":0,"16":0,"17":0,"18":0,"19":0,"20":0,"21":0,"22":0,"23":0,"24":0,"25":0,"26":0,"27":0,"28":0,"29":0,"30":0,"31":0,"32":0,"33":0,"34":0,"35":0},"f":{"0":0,"1":0,"2":0,"3":0,"4":0,"5":0,"6":0,"7":0,"8":0,"9":0,"10":0,"11":0,"12":0,"13":0,"14":0,"15":0,"16":0,"17":0,"18":0},"b":{"0":[0,0],"1":[0,0],"2":[0,0,0]},"_coverageSchema":"1a1c01bbd47fc00a2c39e90264f33305004495a9","hash":"966d8f8be0dfd607a4d97f5b37b922f38cccfc50"}
,"/home/skipdawg3000/hackreactor/repos/FEC/client/src/components/Feedback.jsx": {"path":"/home/skipdawg3000/hackreactor/repos/FEC/client/src/components/Feedback.jsx","statementMap":{"0":{"start":{"line":6,"column":17},"end":{"line":84,"column":1}},"1":{"start":{"line":7,"column":32},"end":{"line":7,"column":44}},"2":{"start":{"line":8,"column":36},"end":{"line":8,"column":48}},"3":{"start":{"line":9,"column":38},"end":{"line":9,"column":64}},"4":{"start":{"line":10,"column":34},"end":{"line":10,"column":54}},"5":{"start":{"line":12,"column":2},"end":{"line":14,"column":3}},"6":{"start":{"line":13,"column":4},"end":{"line":13,"column":36}},"7":{"start":{"line":17,"column":21},"end":{"line":32,"column":3}},"8":{"start":{"line":18,"column":4},"end":{"line":31,"column":9}},"9":{"start":{"line":27,"column":8},"end":{"line":27,"column":29}},"10":{"start":{"line":30,"column":8},"end":{"line":30,"column":47}},"11":{"start":{"line":35,"column":22},"end":{"line":46,"column":3}},"12":{"start":{"line":36,"column":4},"end":{"line":36,"column":24}},"13":{"start":{"line":37,"column":4},"end":{"line":45,"column":9}},"14":{"start":{"line":40,"column":8},"end":{"line":40,"column":21}},"15":{"start":{"line":41,"column":8},"end":{"line":41,"column":39}},"16":{"start":{"line":44,"column":8},"end":{"line":44,"column":54}},"17":{"start":{"line":49,"column":23},"end":{"line":58,"column":3}},"18":{"start":{"line":50,"column":4},"end":{"line":57,"column":9}},"19":{"start":{"line":53,"column":8},"end":{"line":53,"column":31}},"20":{"start":{"line":56,"column":8},"end":{"line":56,"column":49}},"21":{"start":{"line":60,"column":2},"end":{"line":63,"column":29}},"22":{"start":{"line":61,"column":4},"end":{"line":62,"column":18}},"23":{"start":{"line":65,"column":2},"end":{"line":83,"column":3}}},"fnMap":{"0":{"name":"(anonymous_0)","decl":{"start":{"line":6,"column":17},"end":{"line":6,"column":18}},"loc":{"start":{"line":6,"column":28},"end":{"line":84,"column":1}},"line":6},"1":{"name":"(anonymous_1)","decl":{"start":{"line":17,"column":21},"end":{"line":17,"column":22}},"loc":{"start":{"line":17,"column":27},"end":{"line":32,"column":3}},"line":17},"2":{"name":"(anonymous_2)","decl":{"start":{"line":26,"column":12},"end":{"line":26,"column":13}},"loc":{"start":{"line":26,"column":19},"end":{"line":28,"column":7}},"line":26},"3":{"name":"(anonymous_3)","decl":{"start":{"line":29,"column":13},"end":{"line":29,"column":14}},"loc":{"start":{"line":29,"column":22},"end":{"line":31,"column":7}},"line":29},"4":{"name":"(anonymous_4)","decl":{"start":{"line":35,"column":22},"end":{"line":35,"column":23}},"loc":{"start":{"line":35,"column":34},"end":{"line":46,"column":3}},"line":35},"5":{"name":"(anonymous_5)","decl":{"start":{"line":39,"column":12},"end":{"line":39,"column":13}},"loc":{"start":{"line":39,"column":18},"end":{"line":42,"column":7}},"line":39},"6":{"name":"(anonymous_6)","decl":{"start":{"line":43,"column":13},"end":{"line":43,"column":14}},"loc":{"start":{"line":43,"column":22},"end":{"line":45,"column":7}},"line":43},"7":{"name":"(anonymous_7)","decl":{"start":{"line":49,"column":23},"end":{"line":49,"column":24}},"loc":{"start":{"line":49,"column":29},"end":{"line":58,"column":3}},"line":49},"8":{"name":"(anonymous_8)","decl":{"start":{"line":52,"column":12},"end":{"line":52,"column":13}},"loc":{"start":{"line":52,"column":19},"end":{"line":54,"column":7}},"line":52},"9":{"name":"(anonymous_9)","decl":{"start":{"line":55,"column":13},"end":{"line":55,"column":14}},"loc":{"start":{"line":55,"column":22},"end":{"line":57,"column":7}},"line":55},"10":{"name":"(anonymous_10)","decl":{"start":{"line":60,"column":12},"end":{"line":60,"column":13}},"loc":{"start":{"line":61,"column":4},"end":{"line":62,"column":18}},"line":61}},"branchMap":{"0":{"loc":{"start":{"line":12,"column":2},"end":{"line":14,"column":3}},"type":"if","locations":[{"start":{"line":12,"column":2},"end":{"line":14,"column":3}},{"start":{},"end":{}}],"line":12},"1":{"loc":{"start":{"line":71,"column":9},"end":{"line":79,"column":12}},"type":"binary-expr","locations":[{"start":{"line":71,"column":9},"end":{"line":71,"column":26}},{"start":{"line":71,"column":30},"end":{"line":71,"column":37}},{"start":{"line":71,"column":41},"end":{"line":71,"column":51}},{"start":{"line":72,"column":10},"end":{"line":79,"column":12}}],"line":71}},"s":{"0":2,"1":0,"2":0,"3":0,"4":0,"5":0,"6":0,"7":0,"8":0,"9":0,"10":0,"11":0,"12":0,"13":0,"14":0,"15":0,"16":0,"17":0,"18":0,"19":0,"20":0,"21":0,"22":0,"23":0},"f":{"0":0,"1":0,"2":0,"3":0,"4":0,"5":0,"6":0,"7":0,"8":0,"9":0,"10":0},"b":{"0":[0,0],"1":[0,0,0,0]},"_coverageSchema":"1a1c01bbd47fc00a2c39e90264f33305004495a9","hash":"338d87c84b2e18b090207601348bb5358976603e"}
,"/home/skipdawg3000/hackreactor/repos/FEC/client/src/components/Overview.jsx": {"path":"/home/skipdawg3000/hackreactor/repos/FEC/client/src/components/Overview.jsx","statementMap":{"0":{"start":{"line":13,"column":31},"end":{"line":13,"column":46}},"1":{"start":{"line":15,"column":17},"end":{"line":67,"column":1}},"2":{"start":{"line":16,"column":57},"end":{"line":16,"column":79}},"3":{"start":{"line":17,"column":42},"end":{"line":17,"column":76}},"4":{"start":{"line":19,"column":29},"end":{"line":26,"column":3}},"5":{"start":{"line":20,"column":16},"end":{"line":20,"column":57}},"6":{"start":{"line":21,"column":4},"end":{"line":25,"column":6}},"7":{"start":{"line":22,"column":6},"end":{"line":24,"column":7}},"8":{"start":{"line":23,"column":8},"end":{"line":23,"column":36}},"9":{"start":{"line":28,"column":2},"end":{"line":30,"column":22}},"10":{"start":{"line":29,"column":4},"end":{"line":29,"column":46}},"11":{"start":{"line":32,"column":2},"end":{"line":66,"column":4}},"12":{"start":{"line":47,"column":55},"end":{"line":47,"column":94}},"13":{"start":{"line":48,"column":57},"end":{"line":48,"column":98}}},"fnMap":{"0":{"name":"(anonymous_0)","decl":{"start":{"line":15,"column":17},"end":{"line":15,"column":18}},"loc":{"start":{"line":15,"column":23},"end":{"line":67,"column":1}},"line":15},"1":{"name":"(anonymous_1)","decl":{"start":{"line":19,"column":29},"end":{"line":19,"column":30}},"loc":{"start":{"line":19,"column":36},"end":{"line":26,"column":3}},"line":19},"2":{"name":"(anonymous_2)","decl":{"start":{"line":21,"column":34},"end":{"line":21,"column":35}},"loc":{"start":{"line":21,"column":50},"end":{"line":25,"column":5}},"line":21},"3":{"name":"(anonymous_3)","decl":{"start":{"line":28,"column":12},"end":{"line":28,"column":13}},"loc":{"start":{"line":28,"column":18},"end":{"line":30,"column":3}},"line":28},"4":{"name":"(anonymous_4)","decl":{"start":{"line":47,"column":48},"end":{"line":47,"column":49}},"loc":{"start":{"line":47,"column":55},"end":{"line":47,"column":94}},"line":47},"5":{"name":"(anonymous_5)","decl":{"start":{"line":48,"column":50},"end":{"line":48,"column":51}},"loc":{"start":{"line":48,"column":57},"end":{"line":48,"column":98}},"line":48}},"branchMap":{"0":{"loc":{"start":{"line":22,"column":6},"end":{"line":24,"column":7}},"type":"if","locations":[{"start":{"line":22,"column":6},"end":{"line":24,"column":7}},{"start":{},"end":{}}],"line":22},"1":{"loc":{"start":{"line":34,"column":7},"end":{"line":63,"column":12}},"type":"binary-expr","locations":[{"start":{"line":34,"column":7},"end":{"line":34,"column":20}},{"start":{"line":34,"column":24},"end":{"line":34,"column":38}},{"start":{"line":35,"column":6},"end":{"line":63,"column":12}}],"line":34}},"s":{"0":1,"1":1,"2":0,"3":0,"4":0,"5":0,"6":0,"7":0,"8":0,"9":0,"10":0,"11":0,"12":0,"13":0},"f":{"0":0,"1":0,"2":0,"3":0,"4":0,"5":0},"b":{"0":[0,0],"1":[0,0,0]},"_coverageSchema":"1a1c01bbd47fc00a2c39e90264f33305004495a9","hash":"20ba7c08dd5b3eca9ed7ae3f871606888779bb5a"}
,"/home/skipdawg3000/hackreactor/repos/FEC/client/src/components/QuestionAnswer.jsx": {"path":"/home/skipdawg3000/hackreactor/repos/FEC/client/src/components/QuestionAnswer.jsx","statementMap":{"0":{"start":{"line":4,"column":23},"end":{"line":21,"column":1}},"1":{"start":{"line":5,"column":21},"end":{"line":5,"column":38}},"2":{"start":{"line":7,"column":2},"end":{"line":20,"column":4}},"3":{"start":{"line":13,"column":10},"end":{"line":16,"column":12}}},"fnMap":{"0":{"name":"(anonymous_0)","decl":{"start":{"line":4,"column":23},"end":{"line":4,"column":24}},"loc":{"start":{"line":4,"column":42},"end":{"line":21,"column":1}},"line":4},"1":{"name":"(anonymous_1)","decl":{"start":{"line":12,"column":25},"end":{"line":12,"column":26}},"loc":{"start":{"line":13,"column":10},"end":{"line":16,"column":12}},"line":13}},"branchMap":{"0":{"loc":{"start":{"line":11,"column":8},"end":{"line":17,"column":10}},"type":"binary-expr","locations":[{"start":{"line":11,"column":8},"end":{"line":11,"column":20}},{"start":{"line":12,"column":8},"end":{"line":17,"column":10}}],"line":11}},"s":{"0":2,"1":1,"2":1,"3":2},"f":{"0":1,"1":2},"b":{"0":[1,1]},"_coverageSchema":"1a1c01bbd47fc00a2c39e90264f33305004495a9","hash":"50631c7e15d3700050a6dc2db07538069d8d7075"}
,"/home/skipdawg3000/hackreactor/repos/FEC/client/src/components/RatingReview.jsx": {"path":"/home/skipdawg3000/hackreactor/repos/FEC/client/src/components/RatingReview.jsx","statementMap":{"0":{"start":{"line":10,"column":21},"end":{"line":146,"column":1}},"1":{"start":{"line":11,"column":36},"end":{"line":11,"column":47}},"2":{"start":{"line":12,"column":50},"end":{"line":12,"column":70}},"3":{"start":{"line":13,"column":36},"end":{"line":13,"column":51}},"4":{"start":{"line":14,"column":30},"end":{"line":14,"column":44}},"5":{"start":{"line":15,"column":32},"end":{"line":15,"column":44}},"6":{"start":{"line":16,"column":26},"end":{"line":16,"column":38}},"7":{"start":{"line":17,"column":36},"end":{"line":17,"column":50}},"8":{"start":{"line":18,"column":34},"end":{"line":18,"column":46}},"9":{"start":{"line":19,"column":27},"end":{"line":19,"column":39}},"10":{"start":{"line":20,"column":29},"end":{"line":20,"column":41}},"11":{"start":{"line":21,"column":47},"end":{"line":21,"column":59}},"12":{"start":{"line":22,"column":26},"end":{"line":22,"column":41}},"13":{"start":{"line":25,"column":19},"end":{"line":28,"column":3}},"14":{"start":{"line":26,"column":4},"end":{"line":26,"column":27}},"15":{"start":{"line":27,"column":4},"end":{"line":27,"column":32}},"16":{"start":{"line":31,"column":19},"end":{"line":31,"column":34}},"17":{"start":{"line":33,"column":2},"end":{"line":35,"column":3}},"18":{"start":{"line":34,"column":4},"end":{"line":34,"column":45}},"19":{"start":{"line":38,"column":19},"end":{"line":41,"column":3}},"20":{"start":{"line":39,"column":4},"end":{"line":39,"column":40}},"21":{"start":{"line":40,"column":4},"end":{"line":40,"column":32}},"22":{"start":{"line":44,"column":22},"end":{"line":46,"column":3}},"23":{"start":{"line":45,"column":4},"end":{"line":45,"column":29}},"24":{"start":{"line":48,"column":2},"end":{"line":61,"column":3}},"25":{"start":{"line":49,"column":4},"end":{"line":59,"column":7}},"26":{"start":{"line":60,"column":4},"end":{"line":60,"column":19}},"27":{"start":{"line":63,"column":2},"end":{"line":145,"column":3}},"28":{"start":{"line":78,"column":24},"end":{"line":78,"column":83}},"29":{"start":{"line":106,"column":20},"end":{"line":106,"column":58}}},"fnMap":{"0":{"name":"(anonymous_0)","decl":{"start":{"line":10,"column":21},"end":{"line":10,"column":22}},"loc":{"start":{"line":10,"column":98},"end":{"line":146,"column":1}},"line":10},"1":{"name":"(anonymous_1)","decl":{"start":{"line":25,"column":19},"end":{"line":25,"column":20}},"loc":{"start":{"line":25,"column":30},"end":{"line":28,"column":3}},"line":25},"2":{"name":"(anonymous_2)","decl":{"start":{"line":38,"column":19},"end":{"line":38,"column":20}},"loc":{"start":{"line":38,"column":26},"end":{"line":41,"column":3}},"line":38},"3":{"name":"(anonymous_3)","decl":{"start":{"line":44,"column":22},"end":{"line":44,"column":23}},"loc":{"start":{"line":44,"column":28},"end":{"line":46,"column":3}},"line":44},"4":{"name":"(anonymous_4)","decl":{"start":{"line":77,"column":60},"end":{"line":77,"column":61}},"loc":{"start":{"line":77,"column":77},"end":{"line":79,"column":23}},"line":77},"5":{"name":"(anonymous_5)","decl":{"start":{"line":105,"column":30},"end":{"line":105,"column":31}},"loc":{"start":{"line":106,"column":20},"end":{"line":106,"column":58}},"line":106}},"branchMap":{"0":{"loc":{"start":{"line":33,"column":2},"end":{"line":35,"column":3}},"type":"if","locations":[{"start":{"line":33,"column":2},"end":{"line":35,"column":3}},{"start":{},"end":{}}],"line":33},"1":{"loc":{"start":{"line":48,"column":2},"end":{"line":61,"column":3}},"type":"if","locations":[{"start":{"line":48,"column":2},"end":{"line":61,"column":3}},{"start":{},"end":{}}],"line":48},"2":{"loc":{"start":{"line":69,"column":15},"end":{"line":82,"column":22}},"type":"binary-expr","locations":[{"start":{"line":69,"column":15},"end":{"line":69,"column":31}},{"start":{"line":69,"column":35},"end":{"line":69,"column":43}},{"start":{"line":70,"column":16},"end":{"line":82,"column":22}}],"line":69},"3":{"loc":{"start":{"line":76,"column":22},"end":{"line":79,"column":24}},"type":"binary-expr","locations":[{"start":{"line":76,"column":22},"end":{"line":76,"column":38}},{"start":{"line":76,"column":42},"end":{"line":76,"column":50}},{"start":{"line":77,"column":22},"end":{"line":79,"column":24}}],"line":76},"4":{"loc":{"start":{"line":93,"column":17},"end":{"line":94,"column":59}},"type":"binary-expr","locations":[{"start":{"line":93,"column":17},"end":{"line":93,"column":28}},{"start":{"line":94,"column":18},"end":{"line":94,"column":59}}],"line":93},"5":{"loc":{"start":{"line":104,"column":18},"end":{"line":107,"column":20}},"type":"binary-expr","locations":[{"start":{"line":104,"column":18},"end":{"line":104,"column":28}},{"start":{"line":104,"column":32},"end":{"line":104,"column":39}},{"start":{"line":105,"column":18},"end":{"line":107,"column":20}}],"line":104},"6":{"loc":{"start":{"line":115,"column":18},"end":{"line":117,"column":83}},"type":"cond-expr","locations":[{"start":{"line":117,"column":20},"end":{"line":117,"column":78}},{"start":{"line":117,"column":81},"end":{"line":117,"column":83}}],"line":115},"7":{"loc":{"start":{"line":115,"column":18},"end":{"line":116,"column":47}},"type":"binary-expr","locations":[{"start":{"line":115,"column":18},"end":{"line":115,"column":28}},{"start":{"line":115,"column":32},"end":{"line":115,"column":39}},{"start":{"line":116,"column":20},"end":{"line":116,"column":47}}],"line":115}},"s":{"0":2,"1":3,"2":3,"3":3,"4":3,"5":3,"6":3,"7":3,"8":3,"9":3,"10":3,"11":3,"12":3,"13":3,"14":0,"15":0,"16":3,"17":3,"18":3,"19":3,"20":0,"21":0,"22":3,"23":0,"24":3,"25":0,"26":0,"27":3,"28":9,"29":3},"f":{"0":3,"1":0,"2":0,"3":0,"4":9,"5":3},"b":{"0":[3,0],"1":[0,3],"2":[3,3,3],"3":[3,3,3],"4":[3,0],"5":[3,3,3],"6":[0,3],"7":[3,3,3]},"_coverageSchema":"1a1c01bbd47fc00a2c39e90264f33305004495a9","hash":"bf1cff895e711220cd791d4a2853892fde6ee7b0"}
,"/home/skipdawg3000/hackreactor/repos/FEC/client/src/components/SearchProd.jsx": {"path":"/home/skipdawg3000/hackreactor/repos/FEC/client/src/components/SearchProd.jsx","statementMap":{"0":{"start":{"line":4,"column":25},"end":{"line":31,"column":1}},"1":{"start":{"line":5,"column":40},"end":{"line":5,"column":52}},"2":{"start":{"line":11,"column":2},"end":{"line":30,"column":4}},"3":{"start":{"line":13,"column":6},"end":{"line":13,"column":25}},"4":{"start":{"line":14,"column":6},"end":{"line":14,"column":62}},"5":{"start":{"line":15,"column":6},"end":{"line":15,"column":63}},"6":{"start":{"line":21,"column":26},"end":{"line":21,"column":56}}},"fnMap":{"0":{"name":"(anonymous_0)","decl":{"start":{"line":4,"column":25},"end":{"line":4,"column":26}},"loc":{"start":{"line":4,"column":36},"end":{"line":31,"column":1}},"line":4},"1":{"name":"(anonymous_1)","decl":{"start":{"line":12,"column":39},"end":{"line":12,"column":40}},"loc":{"start":{"line":12,"column":46},"end":{"line":16,"column":5}},"line":12},"2":{"name":"(anonymous_2)","decl":{"start":{"line":21,"column":18},"end":{"line":21,"column":19}},"loc":{"start":{"line":21,"column":25},"end":{"line":21,"column":57}},"line":21}},"branchMap":{},"s":{"0":1,"1":0,"2":0,"3":0,"4":0,"5":0,"6":0},"f":{"0":0,"1":0,"2":0},"b":{},"_coverageSchema":"1a1c01bbd47fc00a2c39e90264f33305004495a9","hash":"03627962c558c11ece4ac8d4210b70bba0666929"}
,"/home/skipdawg3000/hackreactor/repos/FEC/client/src/components/Overview/AddtoCart.jsx": {"path":"/home/skipdawg3000/hackreactor/repos/FEC/client/src/components/Overview/AddtoCart.jsx","statementMap":{"0":{"start":{"line":4,"column":18},"end":{"line":14,"column":1}},"1":{"start":{"line":5,"column":2},"end":{"line":13,"column":4}},"2":{"start":{"line":6,"column":48},"end":{"line":6,"column":67}},"3":{"start":{"line":6,"column":68},"end":{"line":6,"column":105}}},"fnMap":{"0":{"name":"(anonymous_0)","decl":{"start":{"line":4,"column":18},"end":{"line":4,"column":19}},"loc":{"start":{"line":4,"column":24},"end":{"line":14,"column":1}},"line":4},"1":{"name":"(anonymous_1)","decl":{"start":{"line":6,"column":40},"end":{"line":6,"column":41}},"loc":{"start":{"line":6,"column":47},"end":{"line":6,"column":106}},"line":6}},"branchMap":{},"s":{"0":1,"1":0,"2":0,"3":0},"f":{"0":0,"1":0},"b":{},"_coverageSchema":"1a1c01bbd47fc00a2c39e90264f33305004495a9","hash":"cf7cdae09f0de5653c1a4ce3d3da6da39da8a78d"}
,"/home/skipdawg3000/hackreactor/repos/FEC/client/src/components/Overview/Descript.jsx": {"path":"/home/skipdawg3000/hackreactor/repos/FEC/client/src/components/Overview/Descript.jsx","statementMap":{"0":{"start":{"line":4,"column":20},"end":{"line":46,"column":1}},"1":{"start":{"line":5,"column":29},"end":{"line":5,"column":51}},"2":{"start":{"line":8,"column":21},"end":{"line":8,"column":25}},"3":{"start":{"line":10,"column":2},"end":{"line":29,"column":3}},"4":{"start":{"line":11,"column":4},"end":{"line":11,"column":22}},"5":{"start":{"line":12,"column":20},"end":{"line":12,"column":46}},"6":{"start":{"line":13,"column":28},"end":{"line":13,"column":64}},"7":{"start":{"line":16,"column":24},"end":{"line":16,"column":25}},"8":{"start":{"line":17,"column":4},"end":{"line":28,"column":5}},"9":{"start":{"line":17,"column":17},"end":{"line":17,"column":18}},"10":{"start":{"line":18,"column":23},"end":{"line":18,"column":43}},"11":{"start":{"line":19,"column":6},"end":{"line":27,"column":7}},"12":{"start":{"line":20,"column":8},"end":{"line":20,"column":57}},"13":{"start":{"line":21,"column":8},"end":{"line":21,"column":36}},"14":{"start":{"line":22,"column":8},"end":{"line":22,"column":30}},"15":{"start":{"line":23,"column":13},"end":{"line":27,"column":7}},"16":{"start":{"line":24,"column":8},"end":{"line":24,"column":61}},"17":{"start":{"line":25,"column":8},"end":{"line":25,"column":36}},"18":{"start":{"line":26,"column":8},"end":{"line":26,"column":30}},"19":{"start":{"line":31,"column":2},"end":{"line":45,"column":4}},"20":{"start":{"line":38,"column":14},"end":{"line":38,"column":54}}},"fnMap":{"0":{"name":"(anonymous_0)","decl":{"start":{"line":4,"column":20},"end":{"line":4,"column":21}},"loc":{"start":{"line":4,"column":26},"end":{"line":46,"column":1}},"line":4},"1":{"name":"(anonymous_1)","decl":{"start":{"line":37,"column":30},"end":{"line":37,"column":31}},"loc":{"start":{"line":37,"column":48},"end":{"line":39,"column":13}},"line":37}},"branchMap":{"0":{"loc":{"start":{"line":10,"column":2},"end":{"line":29,"column":3}},"type":"if","locations":[{"start":{"line":10,"column":2},"end":{"line":29,"column":3}},{"start":{},"end":{}}],"line":10},"1":{"loc":{"start":{"line":19,"column":6},"end":{"line":27,"column":7}},"type":"if","locations":[{"start":{"line":19,"column":6},"end":{"line":27,"column":7}},{"start":{"line":23,"column":13},"end":{"line":27,"column":7}}],"line":19},"2":{"loc":{"start":{"line":23,"column":13},"end":{"line":27,"column":7}},"type":"if","locations":[{"start":{"line":23,"column":13},"end":{"line":27,"column":7}},{"start":{},"end":{}}],"line":23},"3":{"loc":{"start":{"line":23,"column":17},"end":{"line":23,"column":57}},"type":"binary-expr","locations":[{"start":{"line":23,"column":17},"end":{"line":23,"column":35}},{"start":{"line":23,"column":39},"end":{"line":23,"column":57}}],"line":23},"4":{"loc":{"start":{"line":35,"column":9},"end":{"line":40,"column":15}},"type":"binary-expr","locations":[{"start":{"line":35,"column":9},"end":{"line":35,"column":21}},{"start":{"line":36,"column":10},"end":{"line":40,"column":15}}],"line":35}},"s":{"0":1,"1":0,"2":0,"3":0,"4":0,"5":0,"6":0,"7":0,"8":0,"9":0,"10":0,"11":0,"12":0,"13":0,"14":0,"15":0,"16":0,"17":0,"18":0,"19":0,"20":0},"f":{"0":0,"1":0},"b":{"0":[0,0],"1":[0,0],"2":[0,0],"3":[0,0],"4":[0,0]},"_coverageSchema":"1a1c01bbd47fc00a2c39e90264f33305004495a9","hash":"8d6de1b88809cc1ad0c1cb4cfbc274ce53585a29"}
,"/home/skipdawg3000/hackreactor/repos/FEC/client/src/components/Overview/Favoritable.jsx": {"path":"/home/skipdawg3000/hackreactor/repos/FEC/client/src/components/Overview/Favoritable.jsx","statementMap":{"0":{"start":{"line":3,"column":20},"end":{"line":7,"column":1}},"1":{"start":{"line":4,"column":2},"end":{"line":6,"column":4}}},"fnMap":{"0":{"name":"(anonymous_0)","decl":{"start":{"line":3,"column":20},"end":{"line":3,"column":21}},"loc":{"start":{"line":3,"column":31},"end":{"line":7,"column":1}},"line":3}},"branchMap":{},"s":{"0":1,"1":0},"f":{"0":0},"b":{},"_coverageSchema":"1a1c01bbd47fc00a2c39e90264f33305004495a9","hash":"7c7be596f2858e17d7702075881ef05c9ca03364"}
,"/home/skipdawg3000/hackreactor/repos/FEC/client/src/components/Overview/ImageCarousel.jsx": {"path":"/home/skipdawg3000/hackreactor/repos/FEC/client/src/components/Overview/ImageCarousel.jsx","statementMap":{"0":{"start":{"line":6,"column":22},"end":{"line":75,"column":1}},"1":{"start":{"line":8,"column":28},"end":{"line":8,"column":50}},"2":{"start":{"line":9,"column":27},"end":{"line":9,"column":54}},"3":{"start":{"line":11,"column":40},"end":{"line":11,"column":51}},"4":{"start":{"line":12,"column":30},"end":{"line":12,"column":45}},"5":{"start":{"line":15,"column":22},"end":{"line":25,"column":3}},"6":{"start":{"line":16,"column":4},"end":{"line":24,"column":5}},"7":{"start":{"line":17,"column":26},"end":{"line":17,"column":52}},"8":{"start":{"line":18,"column":6},"end":{"line":22,"column":7}},"9":{"start":{"line":19,"column":8},"end":{"line":19,"column":34}},"10":{"start":{"line":20,"column":13},"end":{"line":22,"column":7}},"11":{"start":{"line":21,"column":8},"end":{"line":21,"column":21}},"12":{"start":{"line":23,"column":6},"end":{"line":23,"column":31}},"13":{"start":{"line":27,"column":2},"end":{"line":40,"column":5}},"14":{"start":{"line":28,"column":21},"end":{"line":32,"column":13}},"15":{"start":{"line":29,"column":6},"end":{"line":31,"column":7}},"16":{"start":{"line":30,"column":8},"end":{"line":30,"column":37}},"17":{"start":{"line":35,"column":4},"end":{"line":39,"column":6}},"18":{"start":{"line":36,"column":6},"end":{"line":38,"column":7}},"19":{"start":{"line":37,"column":8},"end":{"line":37,"column":32}},"20":{"start":{"line":43,"column":2},"end":{"line":74,"column":4}},"21":{"start":{"line":45,"column":26},"end":{"line":45,"column":41}},"22":{"start":{"line":46,"column":26},"end":{"line":46,"column":42}},"23":{"start":{"line":51,"column":10},"end":{"line":51,"column":87}},"24":{"start":{"line":58,"column":12},"end":{"line":58,"column":41}},"25":{"start":{"line":65,"column":12},"end":{"line":65,"column":41}}},"fnMap":{"0":{"name":"(anonymous_0)","decl":{"start":{"line":6,"column":22},"end":{"line":6,"column":23}},"loc":{"start":{"line":6,"column":28},"end":{"line":75,"column":1}},"line":6},"1":{"name":"(anonymous_1)","decl":{"start":{"line":15,"column":22},"end":{"line":15,"column":23}},"loc":{"start":{"line":15,"column":36},"end":{"line":25,"column":3}},"line":15},"2":{"name":"(anonymous_2)","decl":{"start":{"line":27,"column":12},"end":{"line":27,"column":13}},"loc":{"start":{"line":27,"column":18},"end":{"line":40,"column":3}},"line":27},"3":{"name":"(anonymous_3)","decl":{"start":{"line":28,"column":33},"end":{"line":28,"column":34}},"loc":{"start":{"line":28,"column":39},"end":{"line":32,"column":5}},"line":28},"4":{"name":"(anonymous_4)","decl":{"start":{"line":35,"column":11},"end":{"line":35,"column":12}},"loc":{"start":{"line":35,"column":17},"end":{"line":39,"column":5}},"line":35},"5":{"name":"(anonymous_5)","decl":{"start":{"line":45,"column":20},"end":{"line":45,"column":21}},"loc":{"start":{"line":45,"column":26},"end":{"line":45,"column":41}},"line":45},"6":{"name":"(anonymous_6)","decl":{"start":{"line":46,"column":20},"end":{"line":46,"column":21}},"loc":{"start":{"line":46,"column":26},"end":{"line":46,"column":42}},"line":46},"7":{"name":"(anonymous_7)","decl":{"start":{"line":50,"column":50},"end":{"line":50,"column":51}},"loc":{"start":{"line":50,"column":63},"end":{"line":52,"column":9}},"line":50},"8":{"name":"(anonymous_8)","decl":{"start":{"line":57,"column":19},"end":{"line":57,"column":20}},"loc":{"start":{"line":57,"column":25},"end":{"line":59,"column":11}},"line":57},"9":{"name":"(anonymous_9)","decl":{"start":{"line":64,"column":19},"end":{"line":64,"column":20}},"loc":{"start":{"line":64,"column":25},"end":{"line":66,"column":11}},"line":64}},"branchMap":{"0":{"loc":{"start":{"line":16,"column":4},"end":{"line":24,"column":5}},"type":"if","locations":[{"start":{"line":16,"column":4},"end":{"line":24,"column":5}},{"start":{},"end":{}}],"line":16},"1":{"loc":{"start":{"line":18,"column":6},"end":{"line":22,"column":7}},"type":"if","locations":[{"start":{"line":18,"column":6},"end":{"line":22,"column":7}},{"start":{"line":20,"column":13},"end":{"line":22,"column":7}}],"line":18},"2":{"loc":{"start":{"line":20,"column":13},"end":{"line":22,"column":7}},"type":"if","locations":[{"start":{"line":20,"column":13},"end":{"line":22,"column":7}},{"start":{},"end":{}}],"line":20},"3":{"loc":{"start":{"line":29,"column":6},"end":{"line":31,"column":7}},"type":"if","locations":[{"start":{"line":29,"column":6},"end":{"line":31,"column":7}},{"start":{},"end":{}}],"line":29},"4":{"loc":{"start":{"line":36,"column":6},"end":{"line":38,"column":7}},"type":"if","locations":[{"start":{"line":36,"column":6},"end":{"line":38,"column":7}},{"start":{},"end":{}}],"line":36},"5":{"loc":{"start":{"line":50,"column":9},"end":{"line":52,"column":10}},"type":"binary-expr","locations":[{"start":{"line":50,"column":9},"end":{"line":50,"column":22}},{"start":{"line":50,"column":26},"end":{"line":52,"column":10}}],"line":50}},"s":{"0":1,"1":0,"2":0,"3":0,"4":0,"5":0,"6":0,"7":0,"8":0,"9":0,"10":0,"11":0,"12":0,"13":0,"14":0,"15":0,"16":0,"17":0,"18":0,"19":0,"20":0,"21":0,"22":0,"23":0,"24":0,"25":0},"f":{"0":0,"1":0,"2":0,"3":0,"4":0,"5":0,"6":0,"7":0,"8":0,"9":0},"b":{"0":[0,0],"1":[0,0],"2":[0,0],"3":[0,0],"4":[0,0],"5":[0,0]},"_coverageSchema":"1a1c01bbd47fc00a2c39e90264f33305004495a9","hash":"fcd037b1b87583a3abe7cf13cd099cc4774ab351"}
,"/home/skipdawg3000/hackreactor/repos/FEC/client/src/components/Overview/Price.jsx": {"path":"/home/skipdawg3000/hackreactor/repos/FEC/client/src/components/Overview/Price.jsx","statementMap":{"0":{"start":{"line":5,"column":14},"end":{"line":33,"column":1}},"1":{"start":{"line":6,"column":26},"end":{"line":6,"column":41}},"2":{"start":{"line":7,"column":28},"end":{"line":7,"column":50}},"3":{"start":{"line":9,"column":2},"end":{"line":11,"column":3}},"4":{"start":{"line":10,"column":4},"end":{"line":10,"column":18}},"5":{"start":{"line":13,"column":2},"end":{"line":32,"column":4}}},"fnMap":{"0":{"name":"(anonymous_0)","decl":{"start":{"line":5,"column":14},"end":{"line":5,"column":15}},"loc":{"start":{"line":5,"column":20},"end":{"line":33,"column":1}},"line":5}},"branchMap":{"0":{"loc":{"start":{"line":9,"column":2},"end":{"line":11,"column":3}},"type":"if","locations":[{"start":{"line":9,"column":2},"end":{"line":11,"column":3}},{"start":{},"end":{}}],"line":9},"1":{"loc":{"start":{"line":17,"column":9},"end":{"line":21,"column":16}},"type":"binary-expr","locations":[{"start":{"line":17,"column":9},"end":{"line":17,"column":13}},{"start":{"line":18,"column":10},"end":{"line":21,"column":16}}],"line":17},"2":{"loc":{"start":{"line":26,"column":9},"end":{"line":27,"column":101}},"type":"binary-expr","locations":[{"start":{"line":26,"column":9},"end":{"line":26,"column":14}},{"start":{"line":27,"column":8},"end":{"line":27,"column":101}}],"line":26}},"s":{"0":1,"1":0,"2":0,"3":0,"4":0,"5":0},"f":{"0":0},"b":{"0":[0,0],"1":[0,0],"2":[0,0]},"_coverageSchema":"1a1c01bbd47fc00a2c39e90264f33305004495a9","hash":"86769fa139675221b5496944c6a585a5e8e91008"}
,"/home/skipdawg3000/hackreactor/repos/FEC/client/src/components/Overview/SizeQtyDD.jsx": {"path":"/home/skipdawg3000/hackreactor/repos/FEC/client/src/components/Overview/SizeQtyDD.jsx","statementMap":{"0":{"start":{"line":6,"column":18},"end":{"line":82,"column":1}},"1":{"start":{"line":7,"column":47},"end":{"line":7,"column":74}},"2":{"start":{"line":8,"column":28},"end":{"line":8,"column":50}},"3":{"start":{"line":10,"column":26},"end":{"line":10,"column":40}},"4":{"start":{"line":11,"column":24},"end":{"line":11,"column":38}},"5":{"start":{"line":12,"column":34},"end":{"line":12,"column":48}},"6":{"start":{"line":14,"column":27},"end":{"line":36,"column":3}},"7":{"start":{"line":16,"column":28},"end":{"line":16,"column":34}},"8":{"start":{"line":17,"column":4},"end":{"line":34,"column":5}},"9":{"start":{"line":18,"column":21},"end":{"line":18,"column":63}},"10":{"start":{"line":19,"column":6},"end":{"line":25,"column":8}},"11":{"start":{"line":20,"column":23},"end":{"line":20,"column":62}},"12":{"start":{"line":21,"column":27},"end":{"line":21,"column":70}},"13":{"start":{"line":22,"column":8},"end":{"line":24,"column":9}},"14":{"start":{"line":23,"column":10},"end":{"line":23,"column":29}},"15":{"start":{"line":26,"column":6},"end":{"line":28,"column":7}},"16":{"start":{"line":27,"column":8},"end":{"line":27,"column":17}},"17":{"start":{"line":29,"column":16},"end":{"line":29,"column":17}},"18":{"start":{"line":30,"column":6},"end":{"line":33,"column":7}},"19":{"start":{"line":31,"column":8},"end":{"line":31,"column":36}},"20":{"start":{"line":32,"column":8},"end":{"line":32,"column":14}},"21":{"start":{"line":35,"column":4},"end":{"line":35,"column":35}},"22":{"start":{"line":38,"column":21},"end":{"line":38,"column":27}},"23":{"start":{"line":39,"column":2},"end":{"line":47,"column":3}},"24":{"start":{"line":40,"column":19},"end":{"line":40,"column":61}},"25":{"start":{"line":41,"column":4},"end":{"line":46,"column":6}},"26":{"start":{"line":42,"column":24},"end":{"line":42,"column":67}},"27":{"start":{"line":43,"column":6},"end":{"line":45,"column":7}},"28":{"start":{"line":44,"column":8},"end":{"line":44,"column":39}},"29":{"start":{"line":49,"column":2},"end":{"line":51,"column":13}},"30":{"start":{"line":50,"column":4},"end":{"line":50,"column":26}},"31":{"start":{"line":53,"column":2},"end":{"line":81,"column":4}},"32":{"start":{"line":60,"column":28},"end":{"line":60,"column":52}},"33":{"start":{"line":62,"column":12},"end":{"line":62,"column":66}},"34":{"start":{"line":70,"column":12},"end":{"line":70,"column":39}},"35":{"start":{"line":70,"column":40},"end":{"line":70,"column":63}},"36":{"start":{"line":73,"column":12},"end":{"line":73,"column":63}}},"fnMap":{"0":{"name":"(anonymous_0)","decl":{"start":{"line":6,"column":18},"end":{"line":6,"column":19}},"loc":{"start":{"line":6,"column":24},"end":{"line":82,"column":1}},"line":6},"1":{"name":"(anonymous_1)","decl":{"start":{"line":14,"column":27},"end":{"line":14,"column":28}},"loc":{"start":{"line":14,"column":42},"end":{"line":36,"column":3}},"line":14},"2":{"name":"(anonymous_2)","decl":{"start":{"line":19,"column":23},"end":{"line":19,"column":24}},"loc":{"start":{"line":19,"column":32},"end":{"line":25,"column":7}},"line":19},"3":{"name":"(anonymous_3)","decl":{"start":{"line":41,"column":21},"end":{"line":41,"column":22}},"loc":{"start":{"line":41,"column":34},"end":{"line":46,"column":5}},"line":41},"4":{"name":"(anonymous_4)","decl":{"start":{"line":49,"column":12},"end":{"line":49,"column":13}},"loc":{"start":{"line":50,"column":4},"end":{"line":50,"column":26}},"line":50},"5":{"name":"(anonymous_5)","decl":{"start":{"line":60,"column":20},"end":{"line":60,"column":21}},"loc":{"start":{"line":60,"column":27},"end":{"line":60,"column":53}},"line":60},"6":{"name":"(anonymous_6)","decl":{"start":{"line":61,"column":28},"end":{"line":61,"column":29}},"loc":{"start":{"line":61,"column":38},"end":{"line":63,"column":11}},"line":61},"7":{"name":"(anonymous_7)","decl":{"start":{"line":69,"column":51},"end":{"line":69,"column":52}},"loc":{"start":{"line":69,"column":58},"end":{"line":71,"column":11}},"line":69},"8":{"name":"(anonymous_8)","decl":{"start":{"line":72,"column":36},"end":{"line":72,"column":37}},"loc":{"start":{"line":72,"column":45},"end":{"line":74,"column":11}},"line":72}},"branchMap":{"0":{"loc":{"start":{"line":17,"column":4},"end":{"line":34,"column":5}},"type":"if","locations":[{"start":{"line":17,"column":4},"end":{"line":34,"column":5}},{"start":{},"end":{}}],"line":17},"1":{"loc":{"start":{"line":22,"column":8},"end":{"line":24,"column":9}},"type":"if","locations":[{"start":{"line":22,"column":8},"end":{"line":24,"column":9}},{"start":{},"end":{}}],"line":22},"2":{"loc":{"start":{"line":26,"column":6},"end":{"line":28,"column":7}},"type":"if","locations":[{"start":{"line":26,"column":6},"end":{"line":28,"column":7}},{"start":{},"end":{}}],"line":26},"3":{"loc":{"start":{"line":39,"column":2},"end":{"line":47,"column":3}},"type":"if","locations":[{"start":{"line":39,"column":2},"end":{"line":47,"column":3}},{"start":{},"end":{}}],"line":39},"4":{"loc":{"start":{"line":43,"column":6},"end":{"line":45,"column":7}},"type":"if","locations":[{"start":{"line":43,"column":6},"end":{"line":45,"column":7}},{"start":{},"end":{}}],"line":43},"5":{"loc":{"start":{"line":55,"column":7},"end":{"line":78,"column":12}},"type":"binary-expr","locations":[{"start":{"line":55,"column":7},"end":{"line":55,"column":20}},{"start":{"line":56,"column":6},"end":{"line":78,"column":12}}],"line":55},"6":{"loc":{"start":{"line":72,"column":11},"end":{"line":74,"column":12}},"type":"binary-expr","locations":[{"start":{"line":72,"column":11},"end":{"line":72,"column":19}},{"start":{"line":72,"column":23},"end":{"line":74,"column":12}}],"line":72}},"s":{"0":1,"1":0,"2":0,"3":0,"4":0,"5":0,"6":0,"7":0,"8":0,"9":0,"10":0,"11":0,"12":0,"13":0,"14":0,"15":0,"16":0,"17":0,"18":0,"19":0,"20":0,"21":0,"22":0,"23":0,"24":0,"25":0,"26":0,"27":0,"28":0,"29":0,"30":0,"31":0,"32":0,"33":0,"34":0,"35":0,"36":0},"f":{"0":0,"1":0,"2":0,"3":0,"4":0,"5":0,"6":0,"7":0,"8":0},"b":{"0":[0,0],"1":[0,0],"2":[0,0],"3":[0,0],"4":[0,0],"5":[0,0],"6":[0,0]},"_coverageSchema":"1a1c01bbd47fc00a2c39e90264f33305004495a9","hash":"ad515eb71d102b292794084eb59279c6e9e65206"}
,"/home/skipdawg3000/hackreactor/repos/FEC/client/src/components/Overview/Styles.jsx": {"path":"/home/skipdawg3000/hackreactor/repos/FEC/client/src/components/Overview/Styles.jsx","statementMap":{"0":{"start":{"line":6,"column":15},"end":{"line":30,"column":1}},"1":{"start":{"line":7,"column":28},"end":{"line":7,"column":50}},"2":{"start":{"line":8,"column":47},"end":{"line":8,"column":74}},"3":{"start":{"line":10,"column":2},"end":{"line":29,"column":4}},"4":{"start":{"line":20,"column":10},"end":{"line":25,"column":12}},"5":{"start":{"line":24,"column":28},"end":{"line":24,"column":49}}},"fnMap":{"0":{"name":"(anonymous_0)","decl":{"start":{"line":6,"column":15},"end":{"line":6,"column":16}},"loc":{"start":{"line":6,"column":21},"end":{"line":30,"column":1}},"line":6},"1":{"name":"(anonymous_1)","decl":{"start":{"line":19,"column":52},"end":{"line":19,"column":53}},"loc":{"start":{"line":19,"column":67},"end":{"line":26,"column":9}},"line":19},"2":{"name":"(anonymous_2)","decl":{"start":{"line":24,"column":21},"end":{"line":24,"column":22}},"loc":{"start":{"line":24,"column":28},"end":{"line":24,"column":49}},"line":24}},"branchMap":{"0":{"loc":{"start":{"line":13,"column":9},"end":{"line":14,"column":62}},"type":"binary-expr","locations":[{"start":{"line":13,"column":9},"end":{"line":13,"column":21}},{"start":{"line":14,"column":10},"end":{"line":14,"column":62}}],"line":13},"1":{"loc":{"start":{"line":19,"column":9},"end":{"line":26,"column":10}},"type":"binary-expr","locations":[{"start":{"line":19,"column":9},"end":{"line":19,"column":22}},{"start":{"line":19,"column":26},"end":{"line":26,"column":10}}],"line":19}},"s":{"0":1,"1":0,"2":0,"3":0,"4":0,"5":0},"f":{"0":0,"1":0,"2":0},"b":{"0":[0,0],"1":[0,0]},"_coverageSchema":"1a1c01bbd47fc00a2c39e90264f33305004495a9","hash":"90ea61bf9d5749b533b0cefa6050331ad02d28cc"}
,"/home/skipdawg3000/hackreactor/repos/FEC/client/src/components/QuestionAnswer/AnswerListItem.jsx": {"path":"/home/skipdawg3000/hackreactor/repos/FEC/client/src/components/QuestionAnswer/AnswerListItem.jsx","statementMap":{"0":{"start":{"line":4,"column":23},"end":{"line":17,"column":1}},"1":{"start":{"line":6,"column":2},"end":{"line":16,"column":4}}},"fnMap":{"0":{"name":"(anonymous_0)","decl":{"start":{"line":4,"column":23},"end":{"line":4,"column":24}},"loc":{"start":{"line":4,"column":34},"end":{"line":17,"column":1}},"line":4}},"branchMap":{},"s":{"0":2,"1":2},"f":{"0":2},"b":{},"_coverageSchema":"1a1c01bbd47fc00a2c39e90264f33305004495a9","hash":"69b9d3461bb8185297b68ef63cfde56a7c8c3f94"}
,"/home/skipdawg3000/hackreactor/repos/FEC/client/src/components/QuestionAnswer/QuestionListItem.jsx": {"path":"/home/skipdawg3000/hackreactor/repos/FEC/client/src/components/QuestionAnswer/QuestionListItem.jsx","statementMap":{"0":{"start":{"line":6,"column":25},"end":{"line":52,"column":1}},"1":{"start":{"line":7,"column":32},"end":{"line":7,"column":44}},"2":{"start":{"line":8,"column":40},"end":{"line":8,"column":76}},"3":{"start":{"line":11,"column":13},"end":{"line":11,"column":52}},"4":{"start":{"line":12,"column":2},"end":{"line":12,"column":17}},"5":{"start":{"line":13,"column":2},"end":{"line":13,"column":25}},"6":{"start":{"line":14,"column":14},"end":{"line":14,"column":29}},"7":{"start":{"line":15,"column":12},"end":{"line":15,"column":27}},"8":{"start":{"line":16,"column":13},"end":{"line":16,"column":28}},"9":{"start":{"line":18,"column":17},"end":{"line":18,"column":54}},"10":{"start":{"line":19,"column":21},"end":{"line":19,"column":44}},"11":{"start":{"line":21,"column":21},"end":{"line":33,"column":3}},"12":{"start":{"line":22,"column":4},"end":{"line":32,"column":9}},"13":{"start":{"line":27,"column":21},"end":{"line":27,"column":29}},"14":{"start":{"line":28,"column":8},"end":{"line":28,"column":33}},"15":{"start":{"line":35,"column":2},"end":{"line":36,"column":32}},"16":{"start":{"line":36,"column":2},"end":{"line":36,"column":14}},"17":{"start":{"line":38,"column":2},"end":{"line":51,"column":4}},"18":{"start":{"line":46,"column":10},"end":{"line":46,"column":81}}},"fnMap":{"0":{"name":"(anonymous_0)","decl":{"start":{"line":6,"column":25},"end":{"line":6,"column":26}},"loc":{"start":{"line":6,"column":36},"end":{"line":52,"column":1}},"line":6},"1":{"name":"(anonymous_1)","decl":{"start":{"line":21,"column":21},"end":{"line":21,"column":22}},"loc":{"start":{"line":21,"column":27},"end":{"line":33,"column":3}},"line":21},"2":{"name":"(anonymous_2)","decl":{"start":{"line":26,"column":12},"end":{"line":26,"column":13}},"loc":{"start":{"line":26,"column":19},"end":{"line":29,"column":7}},"line":26},"3":{"name":"(anonymous_3)","decl":{"start":{"line":30,"column":13},"end":{"line":30,"column":14}},"loc":{"start":{"line":30,"column":22},"end":{"line":32,"column":7}},"line":30},"4":{"name":"(anonymous_4)","decl":{"start":{"line":35,"column":12},"end":{"line":35,"column":13}},"loc":{"start":{"line":35,"column":18},"end":{"line":36,"column":15}},"line":35},"5":{"name":"(anonymous_5)","decl":{"start":{"line":45,"column":20},"end":{"line":45,"column":21}},"loc":{"start":{"line":46,"column":10},"end":{"line":46,"column":81}},"line":46}},"branchMap":{"0":{"loc":{"start":{"line":44,"column":7},"end":{"line":47,"column":76}},"type":"cond-expr","locations":[{"start":{"line":45,"column":8},"end":{"line":47,"column":12}},{"start":{"line":47,"column":15},"end":{"line":47,"column":76}}],"line":44}},"s":{"0":2,"1":6,"2":6,"3":6,"4":6,"5":6,"6":6,"7":6,"8":6,"9":6,"10":6,"11":6,"12":6,"13":0,"14":0,"15":6,"16":6,"17":6,"18":0},"f":{"0":6,"1":6,"2":0,"3":0,"4":6,"5":0},"b":{"0":[0,6]},"_coverageSchema":"1a1c01bbd47fc00a2c39e90264f33305004495a9","hash":"a736f6d0de7ccd0737c64a1f4ba77e01edffce12"}
,"/home/skipdawg3000/hackreactor/repos/FEC/client/src/components/RatingReview/Modal.jsx": {"path":"/home/skipdawg3000/hackreactor/repos/FEC/client/src/components/RatingReview/Modal.jsx","statementMap":{"0":{"start":{"line":6,"column":14},"end":{"line":208,"column":1}},"1":{"start":{"line":7,"column":40},"end":{"line":7,"column":54}},"2":{"start":{"line":8,"column":42},"end":{"line":8,"column":54}},"3":{"start":{"line":9,"column":36},"end":{"line":9,"column":48}},"4":{"start":{"line":10,"column":46},"end":{"line":10,"column":60}},"5":{"start":{"line":11,"column":44},"end":{"line":11,"column":56}},"6":{"start":{"line":12,"column":37},"end":{"line":12,"column":49}},"7":{"start":{"line":14,"column":38},"end":{"line":14,"column":52}},"8":{"start":{"line":15,"column":28},"end":{"line":15,"column":42}},"9":{"start":{"line":17,"column":22},"end":{"line":21,"column":3}},"10":{"start":{"line":18,"column":4},"end":{"line":18,"column":35}},"11":{"start":{"line":19,"column":4},"end":{"line":19,"column":34}},"12":{"start":{"line":20,"column":4},"end":{"line":20,"column":30}},"13":{"start":{"line":23,"column":24},"end":{"line":26,"column":3}},"14":{"start":{"line":24,"column":4},"end":{"line":24,"column":36}},"15":{"start":{"line":25,"column":4},"end":{"line":25,"column":31}},"16":{"start":{"line":28,"column":21},"end":{"line":31,"column":3}},"17":{"start":{"line":29,"column":4},"end":{"line":29,"column":33}},"18":{"start":{"line":30,"column":4},"end":{"line":30,"column":28}},"19":{"start":{"line":33,"column":26},"end":{"line":37,"column":3}},"20":{"start":{"line":34,"column":6},"end":{"line":34,"column":40}},"21":{"start":{"line":39,"column":25},"end":{"line":42,"column":3}},"22":{"start":{"line":40,"column":4},"end":{"line":40,"column":37}},"23":{"start":{"line":41,"column":4},"end":{"line":41,"column":32}},"24":{"start":{"line":44,"column":22},"end":{"line":47,"column":3}},"25":{"start":{"line":45,"column":4},"end":{"line":45,"column":34}},"26":{"start":{"line":46,"column":4},"end":{"line":46,"column":29}},"27":{"start":{"line":49,"column":22},"end":{"line":61,"column":3}},"28":{"start":{"line":50,"column":4},"end":{"line":50,"column":23}},"29":{"start":{"line":53,"column":4},"end":{"line":57,"column":5}},"30":{"start":{"line":54,"column":6},"end":{"line":54,"column":26}},"31":{"start":{"line":56,"column":6},"end":{"line":56,"column":25}},"32":{"start":{"line":59,"column":4},"end":{"line":59,"column":18}},"33":{"start":{"line":60,"column":4},"end":{"line":60,"column":36}},"34":{"start":{"line":64,"column":2},"end":{"line":207,"column":4}},"35":{"start":{"line":75,"column":36},"end":{"line":75,"column":41}},"36":{"start":{"line":77,"column":16},"end":{"line":95,"column":17}},"37":{"start":{"line":85,"column":43},"end":{"line":85,"column":64}},"38":{"start":{"line":86,"column":42},"end":{"line":86,"column":56}}},"fnMap":{"0":{"name":"(anonymous_0)","decl":{"start":{"line":6,"column":14},"end":{"line":6,"column":15}},"loc":{"start":{"line":6,"column":131},"end":{"line":208,"column":1}},"line":6},"1":{"name":"(anonymous_1)","decl":{"start":{"line":17,"column":22},"end":{"line":17,"column":23}},"loc":{"start":{"line":17,"column":29},"end":{"line":21,"column":3}},"line":17},"2":{"name":"(anonymous_2)","decl":{"start":{"line":23,"column":24},"end":{"line":23,"column":25}},"loc":{"start":{"line":23,"column":31},"end":{"line":26,"column":3}},"line":23},"3":{"name":"(anonymous_3)","decl":{"start":{"line":28,"column":21},"end":{"line":28,"column":22}},"loc":{"start":{"line":28,"column":28},"end":{"line":31,"column":3}},"line":28},"4":{"name":"(anonymous_4)","decl":{"start":{"line":33,"column":26},"end":{"line":33,"column":27}},"loc":{"start":{"line":33,"column":33},"end":{"line":37,"column":3}},"line":33},"5":{"name":"(anonymous_5)","decl":{"start":{"line":39,"column":25},"end":{"line":39,"column":26}},"loc":{"start":{"line":39,"column":32},"end":{"line":42,"column":3}},"line":39},"6":{"name":"(anonymous_6)","decl":{"start":{"line":44,"column":22},"end":{"line":44,"column":23}},"loc":{"start":{"line":44,"column":29},"end":{"line":47,"column":3}},"line":44},"7":{"name":"(anonymous_7)","decl":{"start":{"line":49,"column":22},"end":{"line":49,"column":23}},"loc":{"start":{"line":49,"column":29},"end":{"line":61,"column":3}},"line":49},"8":{"name":"(anonymous_8)","decl":{"start":{"line":74,"column":34},"end":{"line":74,"column":35}},"loc":{"start":{"line":74,"column":47},"end":{"line":96,"column":15}},"line":74},"9":{"name":"(anonymous_9)","decl":{"start":{"line":85,"column":37},"end":{"line":85,"column":38}},"loc":{"start":{"line":85,"column":43},"end":{"line":85,"column":64}},"line":85},"10":{"name":"(anonymous_10)","decl":{"start":{"line":86,"column":36},"end":{"line":86,"column":37}},"loc":{"start":{"line":86,"column":42},"end":{"line":86,"column":56}},"line":86}},"branchMap":{"0":{"loc":{"start":{"line":53,"column":4},"end":{"line":57,"column":5}},"type":"if","locations":[{"start":{"line":53,"column":4},"end":{"line":57,"column":5}},{"start":{"line":55,"column":11},"end":{"line":57,"column":5}}],"line":53},"1":{"loc":{"start":{"line":53,"column":8},"end":{"line":53,"column":69}},"type":"binary-expr","locations":[{"start":{"line":53,"column":8},"end":{"line":53,"column":42}},{"start":{"line":53,"column":46},"end":{"line":53,"column":69}}],"line":53},"2":{"loc":{"start":{"line":65,"column":64},"end":{"line":65,"column":87}},"type":"cond-expr","locations":[{"start":{"line":65,"column":71},"end":{"line":65,"column":78}},{"start":{"line":65,"column":81},"end":{"line":65,"column":87}}],"line":65},"3":{"loc":{"start":{"line":90,"column":33},"end":{"line":90,"column":93}},"type":"cond-expr","locations":[{"start":{"line":90,"column":72},"end":{"line":90,"column":81}},{"start":{"line":90,"column":84},"end":{"line":90,"column":93}}],"line":90},"4":{"loc":{"start":{"line":90,"column":49},"end":{"line":90,"column":68}},"type":"binary-expr","locations":[{"start":{"line":90,"column":49},"end":{"line":90,"column":54}},{"start":{"line":90,"column":58},"end":{"line":90,"column":68}}],"line":90}},"s":{"0":2,"1":3,"2":3,"3":3,"4":3,"5":3,"6":3,"7":3,"8":3,"9":3,"10":0,"11":0,"12":0,"13":3,"14":0,"15":0,"16":3,"17":0,"18":0,"19":3,"20":0,"21":3,"22":0,"23":0,"24":3,"25":0,"26":0,"27":3,"28":0,"29":0,"30":0,"31":0,"32":0,"33":0,"34":3,"35":15,"36":15,"37":0,"38":0},"f":{"0":3,"1":0,"2":0,"3":0,"4":0,"5":0,"6":0,"7":0,"8":15,"9":0,"10":0},"b":{"0":[0,0],"1":[0,0],"2":[0,3],"3":[0,15],"4":[15,15]},"_coverageSchema":"1a1c01bbd47fc00a2c39e90264f33305004495a9","hash":"d49a70f20eee4e0305149ff6f60dca5eac1d35ab"}
,"/home/skipdawg3000/hackreactor/repos/FEC/client/src/components/RatingReview/ProgressBar.jsx": {"path":"/home/skipdawg3000/hackreactor/repos/FEC/client/src/components/RatingReview/ProgressBar.jsx","statementMap":{"0":{"start":{"line":7,"column":20},"end":{"line":122,"column":1}},"1":{"start":{"line":10,"column":16},"end":{"line":10,"column":35}},"2":{"start":{"line":11,"column":12},"end":{"line":11,"column":32}},"3":{"start":{"line":12,"column":15},"end":{"line":12,"column":29}},"4":{"start":{"line":14,"column":14},"end":{"line":14,"column":22}},"5":{"start":{"line":17,"column":12},"end":{"line":17,"column":35}},"6":{"start":{"line":20,"column":21},"end":{"line":20,"column":38}},"7":{"start":{"line":21,"column":20},"end":{"line":21,"column":36}},"8":{"start":{"line":22,"column":22},"end":{"line":22,"column":72}},"9":{"start":{"line":23,"column":33},"end":{"line":23,"column":67}},"10":{"start":{"line":24,"column":31},"end":{"line":24,"column":66}},"11":{"start":{"line":27,"column":14},"end":{"line":27,"column":15}},"12":{"start":{"line":29,"column":12},"end":{"line":35,"column":3}},"13":{"start":{"line":37,"column":2},"end":{"line":44,"column":3}},"14":{"start":{"line":38,"column":4},"end":{"line":38,"column":34}},"15":{"start":{"line":39,"column":4},"end":{"line":43,"column":5}},"16":{"start":{"line":40,"column":6},"end":{"line":42,"column":7}},"17":{"start":{"line":41,"column":8},"end":{"line":41,"column":41}},"18":{"start":{"line":46,"column":18},"end":{"line":46,"column":42}},"19":{"start":{"line":47,"column":2},"end":{"line":47,"column":46}},"20":{"start":{"line":48,"column":18},"end":{"line":48,"column":42}},"21":{"start":{"line":49,"column":2},"end":{"line":49,"column":46}},"22":{"start":{"line":50,"column":20},"end":{"line":50,"column":44}},"23":{"start":{"line":51,"column":2},"end":{"line":51,"column":50}},"24":{"start":{"line":52,"column":19},"end":{"line":52,"column":43}},"25":{"start":{"line":53,"column":2},"end":{"line":53,"column":48}},"26":{"start":{"line":54,"column":19},"end":{"line":54,"column":43}},"27":{"start":{"line":55,"column":2},"end":{"line":55,"column":48}},"28":{"start":{"line":63,"column":2},"end":{"line":121,"column":3}}},"fnMap":{"0":{"name":"(anonymous_0)","decl":{"start":{"line":7,"column":20},"end":{"line":7,"column":21}},"loc":{"start":{"line":7,"column":41},"end":{"line":122,"column":1}},"line":7}},"branchMap":{"0":{"loc":{"start":{"line":40,"column":6},"end":{"line":42,"column":7}},"type":"if","locations":[{"start":{"line":40,"column":6},"end":{"line":42,"column":7}},{"start":{},"end":{}}],"line":40}},"s":{"0":2,"1":0,"2":0,"3":0,"4":0,"5":0,"6":0,"7":0,"8":0,"9":0,"10":0,"11":0,"12":0,"13":0,"14":0,"15":0,"16":0,"17":0,"18":0,"19":0,"20":0,"21":0,"22":0,"23":0,"24":0,"25":0,"26":0,"27":0,"28":0},"f":{"0":0},"b":{"0":[0,0]},"_coverageSchema":"1a1c01bbd47fc00a2c39e90264f33305004495a9","hash":"bc68ef2f2c427da6534509b9477810786bd7cd6f"}
,"/home/skipdawg3000/hackreactor/repos/FEC/client/src/components/RatingReview/RatingBreakdown.jsx": {"path":"/home/skipdawg3000/hackreactor/repos/FEC/client/src/components/RatingReview/RatingBreakdown.jsx","statementMap":{"0":{"start":{"line":8,"column":24},"end":{"line":31,"column":1}},"1":{"start":{"line":10,"column":18},"end":{"line":10,"column":37}},"2":{"start":{"line":11,"column":14},"end":{"line":11,"column":34}},"3":{"start":{"line":12,"column":16},"end":{"line":12,"column":24}},"4":{"start":{"line":14,"column":2},"end":{"line":30,"column":3}}},"fnMap":{"0":{"name":"(anonymous_0)","decl":{"start":{"line":8,"column":24},"end":{"line":8,"column":25}},"loc":{"start":{"line":8,"column":45},"end":{"line":31,"column":1}},"line":8}},"branchMap":{},"s":{"0":1,"1":0,"2":0,"3":0,"4":0},"f":{"0":0},"b":{},"_coverageSchema":"1a1c01bbd47fc00a2c39e90264f33305004495a9","hash":"c52bf9f539f775ce5598061ca5571c6dfe7ad856"}
,"/home/skipdawg3000/hackreactor/repos/FEC/client/src/components/RatingReview/ReviewListItem.jsx": {"path":"/home/skipdawg3000/hackreactor/repos/FEC/client/src/components/RatingReview/ReviewListItem.jsx","statementMap":{"0":{"start":{"line":6,"column":23},"end":{"line":62,"column":1}},"1":{"start":{"line":7,"column":31},"end":{"line":7,"column":57}},"2":{"start":{"line":10,"column":13},"end":{"line":10,"column":33}},"3":{"start":{"line":11,"column":2},"end":{"line":11,"column":17}},"4":{"start":{"line":12,"column":2},"end":{"line":12,"column":25}},"5":{"start":{"line":13,"column":14},"end":{"line":13,"column":29}},"6":{"start":{"line":14,"column":12},"end":{"line":14,"column":27}},"7":{"start":{"line":15,"column":13},"end":{"line":15,"column":28}},"8":{"start":{"line":17,"column":17},"end":{"line":17,"column":54}},"9":{"start":{"line":18,"column":21},"end":{"line":18,"column":44}},"10":{"start":{"line":21,"column":22},"end":{"line":21,"column":51}},"11":{"start":{"line":22,"column":2},"end":{"line":22,"column":43}},"12":{"start":{"line":23,"column":2},"end":{"line":23,"column":35}},"13":{"start":{"line":26,"column":15},"end":{"line":26,"column":26}},"14":{"start":{"line":27,"column":21},"end":{"line":27,"column":23}},"15":{"start":{"line":28,"column":2},"end":{"line":30,"column":3}},"16":{"start":{"line":28,"column":15},"end":{"line":28,"column":16}},"17":{"start":{"line":29,"column":4},"end":{"line":29,"column":26}},"18":{"start":{"line":33,"column":24},"end":{"line":43,"column":3}},"19":{"start":{"line":34,"column":20},"end":{"line":34,"column":34}},"20":{"start":{"line":36,"column":4},"end":{"line":42,"column":8}},"21":{"start":{"line":38,"column":8},"end":{"line":38,"column":31}},"22":{"start":{"line":41,"column":8},"end":{"line":41,"column":58}},"23":{"start":{"line":45,"column":2},"end":{"line":61,"column":3}}},"fnMap":{"0":{"name":"(anonymous_0)","decl":{"start":{"line":6,"column":23},"end":{"line":6,"column":24}},"loc":{"start":{"line":6,"column":37},"end":{"line":62,"column":1}},"line":6},"1":{"name":"(anonymous_1)","decl":{"start":{"line":33,"column":24},"end":{"line":33,"column":25}},"loc":{"start":{"line":33,"column":30},"end":{"line":43,"column":3}},"line":33},"2":{"name":"(anonymous_2)","decl":{"start":{"line":37,"column":12},"end":{"line":37,"column":13}},"loc":{"start":{"line":37,"column":18},"end":{"line":39,"column":7}},"line":37},"3":{"name":"(anonymous_3)","decl":{"start":{"line":40,"column":13},"end":{"line":40,"column":14}},"loc":{"start":{"line":40,"column":22},"end":{"line":42,"column":7}},"line":40}},"branchMap":{"0":{"loc":{"start":{"line":52,"column":11},"end":{"line":52,"column":59}},"type":"cond-expr","locations":[{"start":{"line":52,"column":28},"end":{"line":52,"column":54}},{"start":{"line":52,"column":57},"end":{"line":52,"column":59}}],"line":52},"1":{"loc":{"start":{"line":53,"column":11},"end":{"line":53,"column":75}},"type":"cond-expr","locations":[{"start":{"line":53,"column":28},"end":{"line":53,"column":70}},{"start":{"line":53,"column":73},"end":{"line":53,"column":75}}],"line":53},"2":{"loc":{"start":{"line":57,"column":19},"end":{"line":57,"column":80}},"type":"cond-expr","locations":[{"start":{"line":57,"column":35},"end":{"line":57,"column":75}},{"start":{"line":57,"column":78},"end":{"line":57,"column":80}}],"line":57}},"s":{"0":2,"1":7,"2":7,"3":7,"4":7,"5":7,"6":7,"7":7,"8":7,"9":7,"10":7,"11":7,"12":7,"13":7,"14":7,"15":7,"16":7,"17":35,"18":7,"19":0,"20":0,"21":0,"22":0,"23":7},"f":{"0":7,"1":0,"2":0,"3":0},"b":{"0":[0,7],"1":[0,7],"2":[0,7]},"_coverageSchema":"1a1c01bbd47fc00a2c39e90264f33305004495a9","hash":"5839746f442e760b439cafa78827713e4da7d889"}
,"/home/skipdawg3000/hackreactor/repos/FEC/client/src/components/RatingReview/StarAverage.jsx": {"path":"/home/skipdawg3000/hackreactor/repos/FEC/client/src/components/RatingReview/StarAverage.jsx","statementMap":{"0":{"start":{"line":3,"column":20},"end":{"line":17,"column":1}},"1":{"start":{"line":4,"column":19},"end":{"line":4,"column":20}},"2":{"start":{"line":5,"column":21},"end":{"line":5,"column":22}},"3":{"start":{"line":7,"column":2},"end":{"line":12,"column":3}},"4":{"start":{"line":8,"column":16},"end":{"line":8,"column":39}},"5":{"start":{"line":9,"column":14},"end":{"line":9,"column":25}},"6":{"start":{"line":10,"column":4},"end":{"line":10,"column":24}},"7":{"start":{"line":11,"column":4},"end":{"line":11,"column":44}},"8":{"start":{"line":14,"column":16},"end":{"line":14,"column":41}},"9":{"start":{"line":15,"column":2},"end":{"line":15,"column":41}},"10":{"start":{"line":16,"column":2},"end":{"line":16,"column":17}}},"fnMap":{"0":{"name":"(anonymous_0)","decl":{"start":{"line":3,"column":20},"end":{"line":3,"column":21}},"loc":{"start":{"line":3,"column":36},"end":{"line":17,"column":1}},"line":3}},"branchMap":{},"s":{"0":2,"1":0,"2":0,"3":0,"4":0,"5":0,"6":0,"7":0,"8":0,"9":0,"10":0},"f":{"0":0},"b":{},"_coverageSchema":"1a1c01bbd47fc00a2c39e90264f33305004495a9","hash":"08ddeaa9ce4ba708b9a632e5b83f422bdb465168"}
,"/home/skipdawg3000/hackreactor/repos/FEC/client/src/components/Styled/ProgressBarStyled.js": {"path":"/home/skipdawg3000/hackreactor/repos/FEC/client/src/components/Styled/ProgressBarStyled.js","statementMap":{"0":{"start":{"line":4,"column":26},"end":{"line":11,"column":1}},"1":{"start":{"line":14,"column":24},"end":{"line":21,"column":1}},"2":{"start":{"line":24,"column":27},"end":{"line":31,"column":1}},"3":{"start":{"line":34,"column":29},"end":{"line":41,"column":1}},"4":{"start":{"line":44,"column":23},"end":{"line":54,"column":1}},"5":{"start":{"line":57,"column":24},"end":{"line":61,"column":1}},"6":{"start":{"line":65,"column":30},"end":{"line":73,"column":1}},"7":{"start":{"line":76,"column":21},"end":{"line":80,"column":1}},"8":{"start":{"line":82,"column":21},"end":{"line":88,"column":1}}},"fnMap":{},"branchMap":{},"s":{"0":2,"1":2,"2":2,"3":2,"4":2,"5":2,"6":2,"7":2,"8":2},"f":{},"b":{},"_coverageSchema":"1a1c01bbd47fc00a2c39e90264f33305004495a9","hash":"78c585090d2406e3f678eca0661cfc65a0c2b927"}
,"/home/skipdawg3000/hackreactor/repos/FEC/client/src/components/Styled/QuestionListStyled.js": {"path":"/home/skipdawg3000/hackreactor/repos/FEC/client/src/components/Styled/QuestionListStyled.js","statementMap":{"0":{"start":{"line":3,"column":31},"end":{"line":9,"column":1}},"1":{"start":{"line":11,"column":31},"end":{"line":23,"column":1}},"2":{"start":{"line":25,"column":28},"end":{"line":31,"column":1}},"3":{"start":{"line":33,"column":28},"end":{"line":40,"column":1}},"4":{"start":{"line":42,"column":29},"end":{"line":48,"column":1}},"5":{"start":{"line":50,"column":20},"end":{"line":53,"column":1}}},"fnMap":{},"branchMap":{},"s":{"0":2,"1":2,"2":2,"3":2,"4":2,"5":2},"f":{},"b":{},"_coverageSchema":"1a1c01bbd47fc00a2c39e90264f33305004495a9","hash":"a261766217a4e426a77b602104f73c81a6077549"}
,"/home/skipdawg3000/hackreactor/repos/FEC/client/src/components/Styled/RatingReviewStyled.js": {"path":"/home/skipdawg3000/hackreactor/repos/FEC/client/src/components/Styled/RatingReviewStyled.js","statementMap":{"0":{"start":{"line":3,"column":27},"end":{"line":15,"column":1}},"1":{"start":{"line":17,"column":22},"end":{"line":22,"column":1}},"2":{"start":{"line":24,"column":25},"end":{"line":36,"column":1}}},"fnMap":{},"branchMap":{},"s":{"0":2,"1":2,"2":2},"f":{},"b":{},"_coverageSchema":"1a1c01bbd47fc00a2c39e90264f33305004495a9","hash":"eb4dfa871c7ef6f801528f8472b9de505685131d"}
,"/home/skipdawg3000/hackreactor/repos/FEC/client/src/components/Styled/ReviewListStyled.js": {"path":"/home/skipdawg3000/hackreactor/repos/FEC/client/src/components/Styled/ReviewListStyled.js","statementMap":{"0":{"start":{"line":14,"column":29},"end":{"line":26,"column":1}},"1":{"start":{"line":28,"column":26},"end":{"line":35,"column":1}},"2":{"start":{"line":37,"column":31},"end":{"line":43,"column":1}},"3":{"start":{"line":50,"column":25},"end":{"line":55,"column":1}},"4":{"start":{"line":57,"column":29},"end":{"line":63,"column":1}},"5":{"start":{"line":65,"column":26},"end":{"line":71,"column":1}},"6":{"start":{"line":73,"column":24},"end":{"line":77,"column":1}},"7":{"start":{"line":79,"column":23},"end":{"line":87,"column":1}}},"fnMap":{},"branchMap":{},"s":{"0":2,"1":2,"2":2,"3":2,"4":2,"5":2,"6":2,"7":2},"f":{},"b":{},"_coverageSchema":"1a1c01bbd47fc00a2c39e90264f33305004495a9","hash":"13d4905c2390ab500b7a1692c4e7dc0608af1074"}
,"/home/skipdawg3000/hackreactor/repos/FEC/client/src/components/Styled/StarStyled.js": {"path":"/home/skipdawg3000/hackreactor/repos/FEC/client/src/components/Styled/StarStyled.js","statementMap":{"0":{"start":{"line":3,"column":26},"end":{"line":16,"column":1}},"1":{"start":{"line":18,"column":26},"end":{"line":22,"column":1}},"2":{"start":{"line":24,"column":24},"end":{"line":26,"column":1}},"3":{"start":{"line":28,"column":27},"end":{"line":43,"column":1}}},"fnMap":{},"branchMap":{},"s":{"0":2,"1":2,"2":2,"3":2},"f":{},"b":{},"_coverageSchema":"1a1c01bbd47fc00a2c39e90264f33305004495a9","hash":"af11f63d87dd332c55b5268792cbb932102a2cda"}
}
